Log file open, 03/30/22 04:08:59
LogWindows: Failed to load 'aqProf.dll' (GetLastError=126)
LogWindows: File 'aqProf.dll' does not exist
LogWindows: Failed to load 'VtuneApi.dll' (GetLastError=126)
LogWindows: File 'VtuneApi.dll' does not exist
LogWindows: Failed to load 'VtuneApi32e.dll' (GetLastError=126)
LogWindows: File 'VtuneApi32e.dll' does not exist
LogConsoleResponse: Display: Failed to find resolution value strings in scalability ini. Falling back to default.
LogConsoleResponse: Display: Failed to find resolution value strings in scalability ini. Falling back to default.
LogInit: Display: Running engine for game: CityParkEnvironmentCollec
LogPlatformFile: Not using cached read wrapper
LogTaskGraph: Started task graph with 5 named threads and 23 total threads with 3 sets of task threads.
LogStats: Stats thread started at 0.347888
LogICUInternationalization: ICU TimeZone Detection - Raw Offset: -5:00, Platform Override: ''
LogInit: Display: Loading text-based GConfig....
LogPluginManager: Mounting plugin MegascansPlugin
LogPluginManager: Mounting plugin MeshPainting
LogPluginManager: Mounting plugin XGEController
LogPluginManager: Mounting plugin Paper2D
LogPluginManager: Mounting plugin LiveLink
LogPluginManager: Mounting plugin AISupport
LogPluginManager: Mounting plugin LightPropagationVolume
LogPluginManager: Mounting plugin EnvironmentQueryEditor
LogPluginManager: Mounting plugin CameraShakePreviewer
LogPluginManager: Mounting plugin GameplayCameras
LogPluginManager: Mounting plugin OodleData
LogPluginManager: Mounting plugin AnimationSharing
LogPluginManager: Mounting plugin OodleNetwork
LogPluginManager: Mounting plugin CLionSourceCodeAccess
LogPluginManager: Mounting plugin CodeLiteSourceCodeAccess
LogPluginManager: Mounting plugin KDevelopSourceCodeAccess
LogPluginManager: Mounting plugin GitSourceControl
LogPluginManager: Mounting plugin NullSourceCodeAccess
LogPluginManager: Mounting plugin PerforceSourceControl
LogPluginManager: Mounting plugin PlasticSourceControl
LogPluginManager: Mounting plugin PixWinPlugin
LogPluginManager: Mounting plugin PluginUtils
LogPluginManager: Mounting plugin PropertyAccessNode
LogPluginManager: Mounting plugin RiderSourceCodeAccess
LogPluginManager: Mounting plugin SubversionSourceControl
LogPluginManager: Mounting plugin TextureFormatOodle
LogPluginManager: Mounting plugin UObjectPlugin
LogPluginManager: Mounting plugin VisualStudioCodeSourceCodeAccess
LogPluginManager: Mounting plugin XCodeSourceCodeAccess
LogPluginManager: Mounting plugin VisualStudioSourceCodeAccess
LogPluginManager: Mounting plugin AssetManagerEditor
LogPluginManager: Mounting plugin CurveEditorTools
LogPluginManager: Mounting plugin CryptoKeys
LogPluginManager: Mounting plugin DataValidation
LogPluginManager: Mounting plugin GameplayTagsEditor
LogPluginManager: Mounting plugin FacialAnimation
LogPluginManager: Mounting plugin EditorScriptingUtilities
LogPluginManager: Mounting plugin GeometryMode
LogPluginManager: Mounting plugin MacGraphicsSwitching
LogPluginManager: Mounting plugin MaterialAnalyzer
LogPluginManager: Mounting plugin PluginBrowser
LogPluginManager: Mounting plugin MobileLauncherProfileWizard
LogPluginManager: Mounting plugin SpeedTreeImporter
LogPluginManager: Mounting plugin MeshEditor
LogPluginManager: Mounting plugin Niagara
LogPluginManager: Mounting plugin DataprepEditor
LogPluginManager: Mounting plugin DatasmithContent
LogPluginManager: Mounting plugin AlembicImporter
LogPluginManager: Mounting plugin DatasmithFBXImporter
LogPluginManager: Mounting plugin AutomationUtils
LogPluginManager: Mounting plugin BackChannel
LogPluginManager: Mounting plugin BlastPlugin
LogPluginManager: Mounting plugin ChaosClothEditor
LogPluginManager: Mounting plugin ChaosCloth
LogPluginManager: Mounting plugin ChaosEditor
LogPluginManager: Mounting plugin ChaosSolverPlugin
LogPluginManager: Mounting plugin ChaosNiagara
LogPluginManager: Mounting plugin CharacterAI
LogPluginManager: Mounting plugin DatasmithImporter
LogPluginManager: Mounting plugin GeometryCache
LogPluginManager: Mounting plugin VariantManager
LogPluginManager: Mounting plugin StaticMeshEditorExtension
LogPluginManager: Mounting plugin VariantManagerContent
LogPluginManager: Mounting plugin GeometryCollectionPlugin
LogPluginManager: Mounting plugin GeometryProcessing
LogPluginManager: Mounting plugin MotoSynth
LogPluginManager: Mounting plugin OpenImageDenoise
LogPluginManager: Mounting plugin PlanarCut
LogPluginManager: Mounting plugin PlatformCrypto
LogPluginManager: Mounting plugin PythonScriptPlugin
LogPluginManager: Mounting plugin ProxyLODPlugin
LogPluginManager: Mounting plugin SkeletalReduction
LogPluginManager: Mounting plugin LuminPlatformFeatures
LogPluginManager: Mounting plugin MagicLeap
LogPluginManager: Mounting plugin MagicLeapLightEstimation
LogPluginManager: Mounting plugin MagicLeapMedia
LogPluginManager: Mounting plugin MagicLeapPassableWorld
LogPluginManager: Mounting plugin BlueprintToolbox
LogPluginManager: Mounting plugin ZenDev
LogPluginManager: Mounting plugin MLSDK
LogPluginManager: Mounting plugin AvfMedia
LogPluginManager: Mounting plugin AndroidMedia
LogPluginManager: Mounting plugin ImgMedia
LogPluginManager: Mounting plugin MediaCompositing
LogPluginManager: Mounting plugin MediaPlayerEditor
LogPluginManager: Mounting plugin WmfMedia
LogPluginManager: Mounting plugin WebMMedia
LogPluginManager: Mounting plugin UdpMessaging
LogPluginManager: Mounting plugin TcpMessaging
LogPluginManager: Mounting plugin ActorSequence
LogPluginManager: Mounting plugin LevelSequenceEditor
LogPluginManager: Mounting plugin MatineeToLevelSequence
LogPluginManager: Mounting plugin TemplateSequence
LogPluginManager: Mounting plugin OnlineSubsystem
LogPluginManager: Mounting plugin OnlineSubsystemNull
LogPluginManager: Mounting plugin OnlineSubsystemUtils
LogPluginManager: Mounting plugin ActorLayerUtilities
LogPluginManager: Mounting plugin LauncherChunkInstaller
LogPluginManager: Mounting plugin AndroidDeviceProfileSelector
LogPluginManager: Mounting plugin AndroidMoviePlayer
LogPluginManager: Mounting plugin AndroidPermission
LogPluginManager: Mounting plugin AppleImageUtils
LogPluginManager: Mounting plugin AppleMoviePlayer
LogPluginManager: Mounting plugin AssetTags
LogPluginManager: Mounting plugin ArchVisCharacter
LogPluginManager: Mounting plugin AudioCapture
LogPluginManager: Mounting plugin CableComponent
LogPluginManager: Mounting plugin AudioSynesthesia
LogPluginManager: Mounting plugin ChunkDownloader
LogPluginManager: Mounting plugin CustomMeshComponent
LogPluginManager: Mounting plugin ExampleDeviceProfileSelector
LogPluginManager: Mounting plugin EditableMesh
LogPluginManager: Mounting plugin GoogleCloudMessaging
LogPluginManager: Mounting plugin GooglePAD
LogPluginManager: Mounting plugin HairStrands
LogPluginManager: Mounting plugin IOSDeviceProfileSelector
LogPluginManager: Mounting plugin LinuxDeviceProfileSelector
LogPluginManager: Mounting plugin LocationServicesBPLibrary
LogPluginManager: Mounting plugin MobilePatchingUtils
LogPluginManager: Mounting plugin OpenXR
LogPluginManager: Mounting plugin OpenXRHandTracking
LogPluginManager: Mounting plugin OpenXREyeTracker
LogPluginManager: Mounting plugin PhysXVehicles
LogPluginManager: Mounting plugin PostSplashScreen
LogPluginManager: Mounting plugin ProceduralMeshComponent
LogPluginManager: Mounting plugin PropertyAccessEditor
LogPluginManager: Mounting plugin RuntimePhysXCooking
LogPluginManager: Mounting plugin SignificanceManager
LogPluginManager: Mounting plugin SoundFields
LogPluginManager: Mounting plugin Synthesis
LogPluginManager: Mounting plugin WebMMoviePlayer
LogPluginManager: Mounting plugin WindowsMoviePlayer
LogPluginManager: Mounting plugin FbxAutomationTestBuilder
LogPluginManager: Mounting plugin ScreenshotTools
LogPluginManager: Mounting plugin Takes
LogPluginManager: Mounting plugin ContentBrowserAssetDataSource
LogPluginManager: Mounting plugin ContentBrowserClassDataSource
LogPluginManager: Mounting plugin ContentBrowserFileDataSource
LogPluginManager: Mounting plugin OnlineSubsystemIOS
LogPluginManager: Mounting plugin OnlineSubsystemGooglePlay
LogPluginManager: Mounting plugin DatabaseSupport
LogPluginManager: Mounting plugin SQLiteSupport
LogPluginManager: Mounting plugin SQLiteCore
LogPluginManager: Mounting plugin OculusVR
LogPluginManager: Mounting plugin SteamVR
LogPluginManager: Mounting plugin SteamAudio
PixWinPlugin: PIX capture plugin failed to initialize! Check that the process is launched from PIX.
LogLuminAPIImpl: Warning: MLSDK not found.  This likely means the MLSDK environment variable is not set.
LogInit: Using libcurl 7.55.1-DEV
LogInit:  - built for x86_64-pc-win32
LogInit:  - supports SSL with OpenSSL/1.1.1
LogInit:  - supports HTTP deflate (compression) using libz 1.2.8
LogInit:  - other features:
LogInit:      CURL_VERSION_SSL
LogInit:      CURL_VERSION_LIBZ
LogInit:      CURL_VERSION_IPV6
LogInit:      CURL_VERSION_ASYNCHDNS
LogInit:      CURL_VERSION_LARGEFILE
LogInit:      CURL_VERSION_IDN
LogInit:  CurlRequestOptions (configurable via config and command line):
LogInit:  - bVerifyPeer = true  - Libcurl will verify peer certificate
LogInit:  - bUseHttpProxy = false  - Libcurl will NOT use HTTP proxy
LogInit:  - bDontReuseConnections = false  - Libcurl will reuse connections
LogInit:  - MaxHostConnections = 16  - Libcurl will limit the number of connections to a host
LogInit:  - LocalHostAddr = Default
LogInit:  - BufferSize = 65536
LogOnline: OSS: Creating online subsystem instance for: NULL
LogInit: WinSock: version 1.1 (2.2), MaxSocks=32767, MaxUdp=65467
LogOnline: OSS: TryLoadSubsystemAndSetDefault: Loaded subsystem for module [NULL]
LogOculusPluginWrapper: OculusPlugin initialized successfully
LogHMD: Failed initializing OVRPlugin 1.59.0
LogInit: Build: ++UE4+Release-4.27-CL-18319896
LogInit: Engine Version: 4.27.2-18319896+++UE4+Release-4.27
LogInit: Compatible Engine Version: 4.27.0-17155196+++UE4+Release-4.27
LogInit: Net CL: 17155196
LogInit: OS: Windows 10 (Release 2009) (), CPU: Intel(R) Core(TM) i7-6700K CPU @ 4.00GHz, GPU: NVIDIA GeForce GTX 1080
LogInit: Compiled (64-bit): Nov 30 2021 07:12:08
LogInit: Compiled with Visual C++: 19.24.28315.00
LogInit: Build Configuration: Development
LogInit: Branch Name: ++UE4+Release-4.27
LogInit: Command Line: 
LogInit: Base Directory: Z:/Epic Games/UE_4.27/Engine/Binaries/Win64/
LogInit: Allocator: TBB
LogInit: Installed Engine Build: 1
LogDevObjectVersion: Number of dev versions registered: 29
LogDevObjectVersion:   Dev-Blueprints (B0D832E4-1F89-4F0D-ACCF-7EB736FD4AA2): 10
LogDevObjectVersion:   Dev-Build (E1C64328-A22C-4D53-A36C-8E866417BD8C): 0
LogDevObjectVersion:   Dev-Core (375EC13C-06E4-48FB-B500-84F0262A717E): 4
LogDevObjectVersion:   Dev-Editor (E4B068ED-F494-42E9-A231-DA0B2E46BB41): 40
LogDevObjectVersion:   Dev-Framework (CFFC743F-43B0-4480-9391-14DF171D2073): 37
LogDevObjectVersion:   Dev-Mobile (B02B49B5-BB20-44E9-A304-32B752E40360): 3
LogDevObjectVersion:   Dev-Networking (A4E4105C-59A1-49B5-A7C5-40C4547EDFEE): 0
LogDevObjectVersion:   Dev-Online (39C831C9-5AE6-47DC-9A44-9C173E1C8E7C): 0
LogDevObjectVersion:   Dev-Physics (78F01B33-EBEA-4F98-B9B4-84EACCB95AA2): 14
LogDevObjectVersion:   Dev-Platform (6631380F-2D4D-43E0-8009-CF276956A95A): 0
LogDevObjectVersion:   Dev-Rendering (12F88B9F-8875-4AFC-A67C-D90C383ABD29): 45
LogDevObjectVersion:   Dev-Sequencer (7B5AE74C-D270-4C10-A958-57980B212A5A): 13
LogDevObjectVersion:   Dev-VR (D7296918-1DD6-4BDD-9DE2-64A83CC13884): 3
LogDevObjectVersion:   Dev-LoadTimes (C2A15278-BFE7-4AFE-6C17-90FF531DF755): 1
LogDevObjectVersion:   Private-Geometry (6EACA3D4-40EC-4CC1-B786-8BED09428FC5): 3
LogDevObjectVersion:   Dev-AnimPhys (29E575DD-E0A3-4627-9D10-D276232CDCEA): 17
LogDevObjectVersion:   Dev-Anim (AF43A65D-7FD3-4947-9873-3E8ED9C1BB05): 15
LogDevObjectVersion:   Dev-ReflectionCapture (6B266CEC-1EC7-4B8F-A30B-E4D90942FC07): 1
LogDevObjectVersion:   Dev-Automation (0DF73D61-A23F-47EA-B727-89E90C41499A): 1
LogDevObjectVersion:   FortniteMain (601D1886-AC64-4F84-AA16-D3DE0DEAC7D6): 47
LogDevObjectVersion:   FortniteRelease (E7086368-6B23-4C58-8439-1B7016265E91): 1
LogDevObjectVersion:   Dev-Enterprise (9DFFBCD6-494F-0158-E221-12823C92A888): 10
LogDevObjectVersion:   Dev-Niagara (F2AED0AC-9AFE-416F-8664-AA7FFA26D6FC): 1
LogDevObjectVersion:   Dev-Destruction (174F1F0B-B4C6-45A5-B13F-2EE8D0FB917D): 10
LogDevObjectVersion:   Dev-Physics-Ext (35F94A83-E258-406C-A318-09F59610247C): 41
LogDevObjectVersion:   Dev-PhysicsMaterial-Chaos (B68FC16E-8B1B-42E2-B453-215C058844FE): 1
LogDevObjectVersion:   Dev-CineCamera (B2E18506-4273-CFC2-A54E-F4BB758BBA07): 1
LogDevObjectVersion:   Dev-VirtualProduction (64F58936-FD1B-42BA-BA96-7289D5D0FA4E): 1
LogDevObjectVersion:   Dev-MediaFramework (6F0ED827-A609-4895-9C91-998D90180EA4): 2
LogInit: Presizing for max 25165824 objects, including 0 objects not considered by GC, pre-allocating 0 bytes for permanent pool.
LogConfig: Applying CVar settings from Section [/Script/Engine.StreamingSettings] File [C:/Users/tretrev4581/Documents/GitHub/Empathy-Growth-in-VR/Saved/Config/Windows/Engine.ini]
LogConfig: Setting CVar [[s.MinBulkDataSizeForAsyncLoading:131072]]
LogConfig: Setting CVar [[s.AsyncLoadingThreadEnabled:0]]
LogConfig: Setting CVar [[s.EventDrivenLoaderEnabled:1]]
LogConfig: Setting CVar [[s.WarnIfTimeLimitExceeded:0]]
LogConfig: Setting CVar [[s.TimeLimitExceededMultiplier:1.5]]
LogConfig: Setting CVar [[s.TimeLimitExceededMinTime:0.005]]
LogConfig: Setting CVar [[s.UseBackgroundLevelStreaming:1]]
LogConfig: Setting CVar [[s.PriorityAsyncLoadingExtraTime:15.0]]
LogConfig: Setting CVar [[s.LevelStreamingActorsUpdateTimeLimit:5.0]]
LogConfig: Setting CVar [[s.PriorityLevelStreamingActorsUpdateExtraTime:5.0]]
LogConfig: Setting CVar [[s.LevelStreamingComponentsRegistrationGranularity:10]]
LogConfig: Setting CVar [[s.UnregisterComponentsTimeLimit:1.0]]
LogConfig: Setting CVar [[s.LevelStreamingComponentsUnregistrationGranularity:5]]
LogConfig: Setting CVar [[s.FlushStreamingOnExit:1]]
LogInit: Object subsystem initialized
LogConfig: Setting CVar [[con.DebugEarlyDefault:1]]
LogConfig: Setting CVar [[r.setres:1280x720]]
LogConfig: Setting CVar [[fx.NiagaraAllowRuntimeScalabilityChanges:1]]
[2022.03.30-08.08.59:733][  0]LogConfig: Setting CVar [[r.VSync:0]]
[2022.03.30-08.08.59:733][  0]LogConfig: Setting CVar [[r.RHICmdBypass:0]]
[2022.03.30-08.08.59:733][  0]LogConfig: Applying CVar settings from Section [/Script/Engine.RendererSettings] File [C:/Users/tretrev4581/Documents/GitHub/Empathy-Growth-in-VR/Saved/Config/Windows/Engine.ini]
[2022.03.30-08.08.59:733][  0]LogConfig: Setting CVar [[r.GPUCrashDebugging:0]]
[2022.03.30-08.08.59:733][  0]LogConfig: Applying CVar settings from Section [/Script/Engine.RendererOverrideSettings] File [C:/Users/tretrev4581/Documents/GitHub/Empathy-Growth-in-VR/Saved/Config/Windows/Engine.ini]
[2022.03.30-08.08.59:733][  0]LogConfig: Applying CVar settings from Section [/Script/Engine.StreamingSettings] File [C:/Users/tretrev4581/Documents/GitHub/Empathy-Growth-in-VR/Saved/Config/Windows/Engine.ini]
[2022.03.30-08.08.59:733][  0]LogConfig: Setting CVar [[s.MinBulkDataSizeForAsyncLoading:131072]]
[2022.03.30-08.08.59:733][  0]LogConfig: Setting CVar [[s.AsyncLoadingThreadEnabled:0]]
[2022.03.30-08.08.59:733][  0]LogConfig: Setting CVar [[s.EventDrivenLoaderEnabled:1]]
[2022.03.30-08.08.59:733][  0]LogConfig: Setting CVar [[s.WarnIfTimeLimitExceeded:0]]
[2022.03.30-08.08.59:733][  0]LogConfig: Setting CVar [[s.TimeLimitExceededMultiplier:1.5]]
[2022.03.30-08.08.59:734][  0]LogConfig: Setting CVar [[s.TimeLimitExceededMinTime:0.005]]
[2022.03.30-08.08.59:734][  0]LogConfig: Setting CVar [[s.UseBackgroundLevelStreaming:1]]
[2022.03.30-08.08.59:734][  0]LogConfig: Setting CVar [[s.PriorityAsyncLoadingExtraTime:15.0]]
[2022.03.30-08.08.59:734][  0]LogConfig: Setting CVar [[s.LevelStreamingActorsUpdateTimeLimit:5.0]]
[2022.03.30-08.08.59:734][  0]LogConfig: Setting CVar [[s.PriorityLevelStreamingActorsUpdateExtraTime:5.0]]
[2022.03.30-08.08.59:734][  0]LogConfig: Setting CVar [[s.LevelStreamingComponentsRegistrationGranularity:10]]
[2022.03.30-08.08.59:734][  0]LogConfig: Setting CVar [[s.UnregisterComponentsTimeLimit:1.0]]
[2022.03.30-08.08.59:734][  0]LogConfig: Setting CVar [[s.LevelStreamingComponentsUnregistrationGranularity:5]]
[2022.03.30-08.08.59:734][  0]LogConfig: Setting CVar [[s.FlushStreamingOnExit:1]]
[2022.03.30-08.08.59:734][  0]LogConfig: Applying CVar settings from Section [/Script/Engine.GarbageCollectionSettings] File [C:/Users/tretrev4581/Documents/GitHub/Empathy-Growth-in-VR/Saved/Config/Windows/Engine.ini]
[2022.03.30-08.08.59:734][  0]LogConfig: Setting CVar [[gc.MaxObjectsNotConsideredByGC:1]]
[2022.03.30-08.08.59:734][  0]LogConfig: Setting CVar [[gc.SizeOfPermanentObjectPool:0]]
[2022.03.30-08.08.59:734][  0]LogConfig: Setting CVar [[gc.FlushStreamingOnGC:0]]
[2022.03.30-08.08.59:734][  0]LogConfig: Setting CVar [[gc.NumRetriesBeforeForcingGC:10]]
[2022.03.30-08.08.59:734][  0]LogConfig: Setting CVar [[gc.AllowParallelGC:1]]
[2022.03.30-08.08.59:734][  0]LogConfig: Setting CVar [[gc.TimeBetweenPurgingPendingKillObjects:61.1]]
[2022.03.30-08.08.59:734][  0]LogConfig: Setting CVar [[gc.MaxObjectsInEditor:25165824]]
[2022.03.30-08.08.59:734][  0]LogConfig: Setting CVar [[gc.IncrementalBeginDestroyEnabled:1]]
[2022.03.30-08.08.59:734][  0]LogConfig: Setting CVar [[gc.CreateGCClusters:1]]
[2022.03.30-08.08.59:734][  0]LogConfig: Setting CVar [[gc.MinGCClusterSize:5]]
[2022.03.30-08.08.59:734][  0]LogConfig: Setting CVar [[gc.ActorClusteringEnabled:0]]
[2022.03.30-08.08.59:734][  0]LogConfig: Setting CVar [[gc.BlueprintClusteringEnabled:0]]
[2022.03.30-08.08.59:734][  0]LogConfig: Setting CVar [[gc.UseDisregardForGCOnDedicatedServers:0]]
[2022.03.30-08.08.59:734][  0]LogConfig: Setting CVar [[gc.MultithreadedDestructionEnabled:1]]
[2022.03.30-08.08.59:734][  0]LogConfig: Applying CVar settings from Section [/Script/Engine.NetworkSettings] File [C:/Users/tretrev4581/Documents/GitHub/Empathy-Growth-in-VR/Saved/Config/Windows/Engine.ini]
[2022.03.30-08.08.59:734][  0]LogConfig: Applying CVar settings from Section [/Script/UnrealEd.CookerSettings] File [C:/Users/tretrev4581/Documents/GitHub/Empathy-Growth-in-VR/Saved/Config/Windows/Engine.ini]
[2022.03.30-08.09.00:642][  0]LogConfig: Applying CVar settings from Section [ViewDistanceQuality@3] File [C:/Users/tretrev4581/Documents/GitHub/Empathy-Growth-in-VR/Saved/Config/Windows/Scalability.ini]
[2022.03.30-08.09.00:642][  0]LogConfig: Setting CVar [[r.SkeletalMeshLODBias:0]]
[2022.03.30-08.09.00:642][  0]LogConfig: Setting CVar [[r.ViewDistanceScale:1.0]]
[2022.03.30-08.09.00:642][  0]LogConfig: Applying CVar settings from Section [AntiAliasingQuality@3] File [C:/Users/tretrev4581/Documents/GitHub/Empathy-Growth-in-VR/Saved/Config/Windows/Scalability.ini]
[2022.03.30-08.09.00:642][  0]LogConfig: Setting CVar [[r.PostProcessAAQuality:4]]
[2022.03.30-08.09.00:642][  0]LogConfig: Applying CVar settings from Section [ShadowQuality@3] File [C:/Users/tretrev4581/Documents/GitHub/Empathy-Growth-in-VR/Saved/Config/Windows/Scalability.ini]
[2022.03.30-08.09.00:642][  0]LogConfig: Setting CVar [[r.LightFunctionQuality:1]]
[2022.03.30-08.09.00:642][  0]LogConfig: Setting CVar [[r.ShadowQuality:5]]
[2022.03.30-08.09.00:642][  0]LogConfig: Setting CVar [[r.Shadow.CSM.MaxCascades:10]]
[2022.03.30-08.09.00:642][  0]LogConfig: Setting CVar [[r.Shadow.MaxResolution:2048]]
[2022.03.30-08.09.00:642][  0]LogConfig: Setting CVar [[r.Shadow.MaxCSMResolution:2048]]
[2022.03.30-08.09.00:642][  0]LogConfig: Setting CVar [[r.Shadow.RadiusThreshold:0.01]]
[2022.03.30-08.09.00:642][  0]LogConfig: Setting CVar [[r.Shadow.DistanceScale:1.0]]
[2022.03.30-08.09.00:642][  0]LogConfig: Setting CVar [[r.Shadow.CSM.TransitionScale:1.0]]
[2022.03.30-08.09.00:642][  0]LogConfig: Setting CVar [[r.Shadow.PreShadowResolutionFactor:1.0]]
[2022.03.30-08.09.00:642][  0]LogConfig: Setting CVar [[r.DistanceFieldShadowing:1]]
[2022.03.30-08.09.00:642][  0]LogConfig: Setting CVar [[r.DistanceFieldAO:1]]
[2022.03.30-08.09.00:643][  0]LogConfig: Setting CVar [[r.AOQuality:2]]
[2022.03.30-08.09.00:643][  0]LogConfig: Setting CVar [[r.VolumetricFog:1]]
[2022.03.30-08.09.00:643][  0]LogConfig: Setting CVar [[r.VolumetricFog.GridPixelSize:8]]
[2022.03.30-08.09.00:643][  0]LogConfig: Setting CVar [[r.VolumetricFog.GridSizeZ:128]]
[2022.03.30-08.09.00:643][  0]LogConfig: Setting CVar [[r.VolumetricFog.HistoryMissSupersampleCount:4]]
[2022.03.30-08.09.00:643][  0]LogConfig: Setting CVar [[r.LightMaxDrawDistanceScale:1]]
[2022.03.30-08.09.00:643][  0]LogConfig: Setting CVar [[r.CapsuleShadows:1]]
[2022.03.30-08.09.00:643][  0]LogConfig: Applying CVar settings from Section [PostProcessQuality@3] File [C:/Users/tretrev4581/Documents/GitHub/Empathy-Growth-in-VR/Saved/Config/Windows/Scalability.ini]
[2022.03.30-08.09.00:643][  0]LogConfig: Setting CVar [[r.MotionBlurQuality:4]]
[2022.03.30-08.09.00:643][  0]LogConfig: Setting CVar [[r.AmbientOcclusionMipLevelFactor:0.4]]
[2022.03.30-08.09.00:643][  0]LogConfig: Setting CVar [[r.AmbientOcclusionMaxQuality:100]]
[2022.03.30-08.09.00:643][  0]LogConfig: Setting CVar [[r.AmbientOcclusionLevels:-1]]
[2022.03.30-08.09.00:643][  0]LogConfig: Setting CVar [[r.AmbientOcclusionRadiusScale:1.0]]
[2022.03.30-08.09.00:643][  0]LogConfig: Setting CVar [[r.DepthOfFieldQuality:2]]
[2022.03.30-08.09.00:643][  0]LogConfig: Setting CVar [[r.RenderTargetPoolMin:400]]
[2022.03.30-08.09.00:643][  0]LogConfig: Setting CVar [[r.LensFlareQuality:2]]
[2022.03.30-08.09.00:643][  0]LogConfig: Setting CVar [[r.SceneColorFringeQuality:1]]
[2022.03.30-08.09.00:643][  0]LogConfig: Setting CVar [[r.EyeAdaptationQuality:2]]
[2022.03.30-08.09.00:643][  0]LogConfig: Setting CVar [[r.BloomQuality:5]]
[2022.03.30-08.09.00:643][  0]LogConfig: Setting CVar [[r.FastBlurThreshold:100]]
[2022.03.30-08.09.00:643][  0]LogConfig: Setting CVar [[r.Upscale.Quality:3]]
[2022.03.30-08.09.00:643][  0]LogConfig: Setting CVar [[r.Tonemapper.GrainQuantization:1]]
[2022.03.30-08.09.00:643][  0]LogConfig: Setting CVar [[r.LightShaftQuality:1]]
[2022.03.30-08.09.00:643][  0]LogConfig: Setting CVar [[r.Filter.SizeScale:1]]
[2022.03.30-08.09.00:643][  0]LogConfig: Setting CVar [[r.Tonemapper.Quality:5]]
[2022.03.30-08.09.00:643][  0]LogConfig: Setting CVar [[r.DOF.Gather.AccumulatorQuality:1        ; higher gathering accumulator quality]]
[2022.03.30-08.09.00:643][  0]LogConfig: Setting CVar [[r.DOF.Gather.PostfilterMethod:1          ; Median3x3 postfilering method]]
[2022.03.30-08.09.00:643][  0]LogConfig: Setting CVar [[r.DOF.Gather.EnableBokehSettings:0       ; no bokeh simulation when gathering]]
[2022.03.30-08.09.00:643][  0]LogConfig: Setting CVar [[r.DOF.Gather.RingCount:4                 ; medium number of samples when gathering]]
[2022.03.30-08.09.00:643][  0]LogConfig: Setting CVar [[r.DOF.Scatter.ForegroundCompositing:1    ; additive foreground scattering]]
[2022.03.30-08.09.00:643][  0]LogConfig: Setting CVar [[r.DOF.Scatter.BackgroundCompositing:2    ; additive background scattering]]
[2022.03.30-08.09.00:643][  0]LogConfig: Setting CVar [[r.DOF.Scatter.EnableBokehSettings:1      ; bokeh simulation when scattering]]
[2022.03.30-08.09.00:643][  0]LogConfig: Setting CVar [[r.DOF.Scatter.MaxSpriteRatio:0.1         ; only a maximum of 10% of scattered bokeh]]
[2022.03.30-08.09.00:643][  0]LogConfig: Setting CVar [[r.DOF.Recombine.Quality:1                ; cheap slight out of focus]]
[2022.03.30-08.09.00:643][  0]LogConfig: Setting CVar [[r.DOF.Recombine.EnableBokehSettings:0    ; no bokeh simulation on slight out of focus]]
[2022.03.30-08.09.00:643][  0]LogConfig: Setting CVar [[r.DOF.TemporalAAQuality:1                ; more stable temporal accumulation]]
[2022.03.30-08.09.00:643][  0]LogConfig: Setting CVar [[r.DOF.Kernel.MaxForegroundRadius:0.025]]
[2022.03.30-08.09.00:643][  0]LogConfig: Setting CVar [[r.DOF.Kernel.MaxBackgroundRadius:0.025]]
[2022.03.30-08.09.00:643][  0]LogConfig: Applying CVar settings from Section [TextureQuality@3] File [C:/Users/tretrev4581/Documents/GitHub/Empathy-Growth-in-VR/Saved/Config/Windows/Scalability.ini]
[2022.03.30-08.09.00:643][  0]LogConfig: Setting CVar [[r.Streaming.MipBias:0]]
[2022.03.30-08.09.00:643][  0]LogConfig: Setting CVar [[r.Streaming.AmortizeCPUToGPUCopy:0]]
[2022.03.30-08.09.00:643][  0]LogConfig: Setting CVar [[r.Streaming.MaxNumTexturesToStreamPerFrame:0]]
[2022.03.30-08.09.00:643][  0]LogConfig: Setting CVar [[r.Streaming.Boost:1]]
[2022.03.30-08.09.00:643][  0]LogConfig: Setting CVar [[r.MaxAnisotropy:8]]
[2022.03.30-08.09.00:643][  0]LogConfig: Setting CVar [[r.VT.MaxAnisotropy:8]]
[2022.03.30-08.09.00:643][  0]LogConfig: Setting CVar [[r.Streaming.LimitPoolSizeToVRAM:0]]
[2022.03.30-08.09.00:643][  0]LogConfig: Setting CVar [[r.Streaming.PoolSize:1000]]
[2022.03.30-08.09.00:643][  0]LogConfig: Setting CVar [[r.Streaming.MaxEffectiveScreenSize:0]]
[2022.03.30-08.09.00:643][  0]LogConfig: Applying CVar settings from Section [EffectsQuality@3] File [C:/Users/tretrev4581/Documents/GitHub/Empathy-Growth-in-VR/Saved/Config/Windows/Scalability.ini]
[2022.03.30-08.09.00:643][  0]LogConfig: Setting CVar [[r.TranslucencyLightingVolumeDim:64]]
[2022.03.30-08.09.00:643][  0]LogConfig: Setting CVar [[r.RefractionQuality:2]]
[2022.03.30-08.09.00:643][  0]LogConfig: Setting CVar [[r.SSR.Quality:3]]
[2022.03.30-08.09.00:643][  0]LogConfig: Setting CVar [[r.SSR.HalfResSceneColor:0]]
[2022.03.30-08.09.00:643][  0]LogConfig: Setting CVar [[r.SceneColorFormat:4]]
[2022.03.30-08.09.00:643][  0]LogConfig: Setting CVar [[r.DetailMode:2]]
[2022.03.30-08.09.00:643][  0]LogConfig: Setting CVar [[r.TranslucencyVolumeBlur:1]]
[2022.03.30-08.09.00:643][  0]LogConfig: Setting CVar [[r.MaterialQualityLevel:1 ; High quality]]
[2022.03.30-08.09.00:643][  0]LogConfig: Setting CVar [[r.AnisotropicMaterials:1]]
[2022.03.30-08.09.00:643][  0]LogConfig: Setting CVar [[r.SSS.Scale:1]]
[2022.03.30-08.09.00:643][  0]LogConfig: Setting CVar [[r.SSS.SampleSet:2]]
[2022.03.30-08.09.00:643][  0]LogConfig: Setting CVar [[r.SSS.Quality:1]]
[2022.03.30-08.09.00:643][  0]LogConfig: Setting CVar [[r.SSS.HalfRes:0]]
[2022.03.30-08.09.00:644][  0]LogConfig: Setting CVar [[r.SSGI.Quality:3]]
[2022.03.30-08.09.00:644][  0]LogConfig: Setting CVar [[r.EmitterSpawnRateScale:1.0]]
[2022.03.30-08.09.00:644][  0]LogConfig: Setting CVar [[r.ParticleLightQuality:2]]
[2022.03.30-08.09.00:644][  0]LogConfig: Setting CVar [[r.SkyAtmosphere.AerialPerspectiveLUT.FastApplyOnOpaque:1 ; Always have FastSkyLUT 1 in this case to avoid wrong sky]]
[2022.03.30-08.09.00:644][  0]LogConfig: Setting CVar [[r.SkyAtmosphere.AerialPerspectiveLUT.SampleCountMaxPerSlice:4]]
[2022.03.30-08.09.00:644][  0]LogConfig: Setting CVar [[r.SkyAtmosphere.AerialPerspectiveLUT.DepthResolution:16.0]]
[2022.03.30-08.09.00:644][  0]LogConfig: Setting CVar [[r.SkyAtmosphere.FastSkyLUT:1]]
[2022.03.30-08.09.00:644][  0]LogConfig: Setting CVar [[r.SkyAtmosphere.FastSkyLUT.SampleCountMin:4.0]]
[2022.03.30-08.09.00:644][  0]LogConfig: Setting CVar [[r.SkyAtmosphere.FastSkyLUT.SampleCountMax:128.0]]
[2022.03.30-08.09.00:644][  0]LogConfig: Setting CVar [[r.SkyAtmosphere.SampleCountMin:4.0]]
[2022.03.30-08.09.00:644][  0]LogConfig: Setting CVar [[r.SkyAtmosphere.SampleCountMax:128.0]]
[2022.03.30-08.09.00:644][  0]LogConfig: Setting CVar [[r.SkyAtmosphere.TransmittanceLUT.UseSmallFormat:0]]
[2022.03.30-08.09.00:644][  0]LogConfig: Setting CVar [[r.SkyAtmosphere.TransmittanceLUT.SampleCount:10.0]]
[2022.03.30-08.09.00:644][  0]LogConfig: Setting CVar [[r.SkyAtmosphere.MultiScatteringLUT.SampleCount:15.0]]
[2022.03.30-08.09.00:644][  0]LogConfig: Setting CVar [[r.SkyLight.RealTimeReflectionCapture:1]]
[2022.03.30-08.09.00:644][  0]LogConfig: Setting CVar [[fx.Niagara.QualityLevel:3]]
[2022.03.30-08.09.00:644][  0]LogConfig: Applying CVar settings from Section [FoliageQuality@3] File [C:/Users/tretrev4581/Documents/GitHub/Empathy-Growth-in-VR/Saved/Config/Windows/Scalability.ini]
[2022.03.30-08.09.00:644][  0]LogConfig: Setting CVar [[foliage.DensityScale:1.0]]
[2022.03.30-08.09.00:644][  0]LogConfig: Setting CVar [[grass.DensityScale:1.0]]
[2022.03.30-08.09.00:644][  0]LogConfig: Applying CVar settings from Section [ShadingQuality@3] File [C:/Users/tretrev4581/Documents/GitHub/Empathy-Growth-in-VR/Saved/Config/Windows/Scalability.ini]
[2022.03.30-08.09.00:644][  0]LogConfig: Setting CVar [[r.HairStrands.SkyLighting.IntegrationType:2]]
[2022.03.30-08.09.00:644][  0]LogConfig: Setting CVar [[r.HairStrands.SkyAO.SampleCount:4]]
[2022.03.30-08.09.00:644][  0]LogConfig: Setting CVar [[r.HairStrands.Visibility.MSAA.SamplePerPixel:4]]
[2022.03.30-08.09.00:644][  0]LogConfig: Setting CVar [[r.HairStrands.Interpolation.UseSingleGuide:0]]
[2022.03.30-08.09.00:644][  0]LogInit: Selected Device Profile: [Windows]
[2022.03.30-08.09.00:644][  0]LogInit: Applying CVar settings loaded from the selected device profile: [Windows]
[2022.03.30-08.09.00:644][  0]LogHAL: Display: Platform has ~ 32 GB [34321494016 / 34359738368 / 32], which maps to Largest [LargestMinGB=32, LargerMinGB=12, DefaultMinGB=8, SmallerMinGB=6, SmallestMinGB=0)
[2022.03.30-08.09.00:644][  0]LogInit: Going up to parent DeviceProfile []
[2022.03.30-08.09.00:644][  0]LogConfig: Applying CVar settings from Section [ViewDistanceQuality@Cine] File [C:/Users/tretrev4581/Documents/GitHub/Empathy-Growth-in-VR/Saved/Config/Windows/Scalability.ini]
[2022.03.30-08.09.00:644][  0]LogConfig: Setting CVar [[r.SkeletalMeshLODBias:0]]
[2022.03.30-08.09.00:644][  0]LogConfig: Setting CVar [[r.ViewDistanceScale:10.0]]
[2022.03.30-08.09.00:644][  0]LogConfig: Applying CVar settings from Section [AntiAliasingQuality@Cine] File [C:/Users/tretrev4581/Documents/GitHub/Empathy-Growth-in-VR/Saved/Config/Windows/Scalability.ini]
[2022.03.30-08.09.00:644][  0]LogConfig: Setting CVar [[r.PostProcessAAQuality:6]]
[2022.03.30-08.09.00:644][  0]LogConfig: Applying CVar settings from Section [ShadowQuality@Cine] File [C:/Users/tretrev4581/Documents/GitHub/Empathy-Growth-in-VR/Saved/Config/Windows/Scalability.ini]
[2022.03.30-08.09.00:644][  0]LogConfig: Setting CVar [[r.LightFunctionQuality:1]]
[2022.03.30-08.09.00:644][  0]LogConfig: Setting CVar [[r.ShadowQuality:5]]
[2022.03.30-08.09.00:644][  0]LogConfig: Setting CVar [[r.Shadow.CSM.MaxCascades:10]]
[2022.03.30-08.09.00:644][  0]LogConfig: Setting CVar [[r.Shadow.MaxResolution:4096]]
[2022.03.30-08.09.00:644][  0]LogConfig: Setting CVar [[r.Shadow.MaxCSMResolution:4096]]
[2022.03.30-08.09.00:644][  0]LogConfig: Setting CVar [[r.Shadow.RadiusThreshold:0]]
[2022.03.30-08.09.00:644][  0]LogConfig: Setting CVar [[r.Shadow.DistanceScale:1.0]]
[2022.03.30-08.09.00:644][  0]LogConfig: Setting CVar [[r.Shadow.CSM.TransitionScale:1.0]]
[2022.03.30-08.09.00:644][  0]LogConfig: Setting CVar [[r.Shadow.PreShadowResolutionFactor:1.0]]
[2022.03.30-08.09.00:644][  0]LogConfig: Setting CVar [[r.DistanceFieldShadowing:1]]
[2022.03.30-08.09.00:644][  0]LogConfig: Setting CVar [[r.DistanceFieldAO:1]]
[2022.03.30-08.09.00:644][  0]LogConfig: Setting CVar [[r.AOQuality:2]]
[2022.03.30-08.09.00:644][  0]LogConfig: Setting CVar [[r.VolumetricFog:1]]
[2022.03.30-08.09.00:644][  0]LogConfig: Setting CVar [[r.VolumetricFog.GridPixelSize:4]]
[2022.03.30-08.09.00:644][  0]LogConfig: Setting CVar [[r.VolumetricFog.GridSizeZ:128]]
[2022.03.30-08.09.00:645][  0]LogConfig: Setting CVar [[r.VolumetricFog.HistoryMissSupersampleCount:16]]
[2022.03.30-08.09.00:645][  0]LogConfig: Setting CVar [[r.LightMaxDrawDistanceScale:1]]
[2022.03.30-08.09.00:645][  0]LogConfig: Setting CVar [[r.CapsuleShadows:1]]
[2022.03.30-08.09.00:645][  0]LogConfig: Applying CVar settings from Section [PostProcessQuality@Cine] File [C:/Users/tretrev4581/Documents/GitHub/Empathy-Growth-in-VR/Saved/Config/Windows/Scalability.ini]
[2022.03.30-08.09.00:645][  0]LogConfig: Setting CVar [[r.MotionBlurQuality:4]]
[2022.03.30-08.09.00:645][  0]LogConfig: Setting CVar [[r.AmbientOcclusionMipLevelFactor:0.4]]
[2022.03.30-08.09.00:645][  0]LogConfig: Setting CVar [[r.AmbientOcclusionMaxQuality:100]]
[2022.03.30-08.09.00:645][  0]LogConfig: Setting CVar [[r.AmbientOcclusionLevels:-1]]
[2022.03.30-08.09.00:645][  0]LogConfig: Setting CVar [[r.AmbientOcclusionRadiusScale:1.0]]
[2022.03.30-08.09.00:645][  0]LogConfig: Setting CVar [[r.GTAO.Numangles:4]]
[2022.03.30-08.09.00:645][  0]LogConfig: Setting CVar [[r.DepthOfFieldQuality:4]]
[2022.03.30-08.09.00:645][  0]LogConfig: Setting CVar [[r.RenderTargetPoolMin:1000]]
[2022.03.30-08.09.00:645][  0]LogConfig: Setting CVar [[r.LensFlareQuality:3]]
[2022.03.30-08.09.00:645][  0]LogConfig: Setting CVar [[r.SceneColorFringeQuality:1]]
[2022.03.30-08.09.00:645][  0]LogConfig: Setting CVar [[r.EyeAdaptationQuality:2]]
[2022.03.30-08.09.00:645][  0]LogConfig: Setting CVar [[r.BloomQuality:5]]
[2022.03.30-08.09.00:645][  0]LogConfig: Setting CVar [[r.FastBlurThreshold:100]]
[2022.03.30-08.09.00:645][  0]LogConfig: Setting CVar [[r.Upscale.Quality:3]]
[2022.03.30-08.09.00:645][  0]LogConfig: Setting CVar [[r.Tonemapper.GrainQuantization:1]]
[2022.03.30-08.09.00:645][  0]LogConfig: Setting CVar [[r.LightShaftQuality:1]]
[2022.03.30-08.09.00:645][  0]LogConfig: Setting CVar [[r.Filter.SizeScale:1]]
[2022.03.30-08.09.00:645][  0]LogConfig: Setting CVar [[r.Tonemapper.Quality:5]]
[2022.03.30-08.09.00:645][  0]LogConfig: Setting CVar [[r.DOF.Gather.AccumulatorQuality:1        ; higher gathering accumulator quality]]
[2022.03.30-08.09.00:645][  0]LogConfig: Setting CVar [[r.DOF.Gather.PostfilterMethod:1          ; Median3x3 postfilering method]]
[2022.03.30-08.09.00:645][  0]LogConfig: Setting CVar [[r.DOF.Gather.EnableBokehSettings:1       ; bokeh simulation when gathering]]
[2022.03.30-08.09.00:645][  0]LogConfig: Setting CVar [[r.DOF.Gather.RingCount:5                 ; high number of samples when gathering]]
[2022.03.30-08.09.00:645][  0]LogConfig: Setting CVar [[r.DOF.Scatter.ForegroundCompositing:1    ; additive foreground scattering]]
[2022.03.30-08.09.00:645][  0]LogConfig: Setting CVar [[r.DOF.Scatter.BackgroundCompositing:2    ; background scattering occlusion]]
[2022.03.30-08.09.00:645][  0]LogConfig: Setting CVar [[r.DOF.Scatter.EnableBokehSettings:1      ; no bokeh simulation when scattering]]
[2022.03.30-08.09.00:645][  0]LogConfig: Setting CVar [[r.DOF.Scatter.MaxSpriteRatio:0.25        ; only a maximum of 10% of scattered bokeh]]
[2022.03.30-08.09.00:645][  0]LogConfig: Setting CVar [[r.DOF.Recombine.Quality:2                ; highest slight out of focus]]
[2022.03.30-08.09.00:645][  0]LogConfig: Setting CVar [[r.DOF.Recombine.EnableBokehSettings:1    ; bokeh simulation on slight out of focus]]
[2022.03.30-08.09.00:645][  0]LogConfig: Setting CVar [[r.DOF.TemporalAAQuality:1                ; more stable temporal accumulation]]
[2022.03.30-08.09.00:645][  0]LogConfig: Setting CVar [[r.DOF.Kernel.MaxForegroundRadius:0.025]]
[2022.03.30-08.09.00:645][  0]LogConfig: Setting CVar [[r.DOF.Kernel.MaxBackgroundRadius:0.025]]
[2022.03.30-08.09.00:645][  0]LogConfig: Applying CVar settings from Section [TextureQuality@Cine] File [C:/Users/tretrev4581/Documents/GitHub/Empathy-Growth-in-VR/Saved/Config/Windows/Scalability.ini]
[2022.03.30-08.09.00:645][  0]LogConfig: Setting CVar [[r.Streaming.MipBias:0]]
[2022.03.30-08.09.00:645][  0]LogConfig: Setting CVar [[r.Streaming.AmortizeCPUToGPUCopy:0]]
[2022.03.30-08.09.00:645][  0]LogConfig: Setting CVar [[r.Streaming.MaxNumTexturesToStreamPerFrame:0]]
[2022.03.30-08.09.00:645][  0]LogConfig: Setting CVar [[r.Streaming.Boost:1]]
[2022.03.30-08.09.00:645][  0]LogConfig: Setting CVar [[r.MaxAnisotropy:8]]
[2022.03.30-08.09.00:645][  0]LogConfig: Setting CVar [[r.VT.MaxAnisotropy:8]]
[2022.03.30-08.09.00:645][  0]LogConfig: Setting CVar [[r.Streaming.LimitPoolSizeToVRAM:0]]
[2022.03.30-08.09.00:645][  0]LogConfig: Setting CVar [[r.Streaming.PoolSize:3000]]
[2022.03.30-08.09.00:645][  0]LogConfig: Setting CVar [[r.Streaming.MaxEffectiveScreenSize:0]]
[2022.03.30-08.09.00:645][  0]LogConfig: Applying CVar settings from Section [EffectsQuality@Cine] File [C:/Users/tretrev4581/Documents/GitHub/Empathy-Growth-in-VR/Saved/Config/Windows/Scalability.ini]
[2022.03.30-08.09.00:645][  0]LogConfig: Setting CVar [[r.TranslucencyLightingVolumeDim:64]]
[2022.03.30-08.09.00:645][  0]LogConfig: Setting CVar [[r.RefractionQuality:2]]
[2022.03.30-08.09.00:645][  0]LogConfig: Setting CVar [[r.SSR.Quality:4]]
[2022.03.30-08.09.00:645][  0]LogConfig: Setting CVar [[r.SSR.HalfResSceneColor:0]]
[2022.03.30-08.09.00:645][  0]LogConfig: Setting CVar [[r.SceneColorFormat:4]]
[2022.03.30-08.09.00:645][  0]LogConfig: Setting CVar [[r.DetailMode:2]]
[2022.03.30-08.09.00:645][  0]LogConfig: Setting CVar [[r.TranslucencyVolumeBlur:1]]
[2022.03.30-08.09.00:645][  0]LogConfig: Setting CVar [[r.MaterialQualityLevel:1 ; High quality]]
[2022.03.30-08.09.00:645][  0]LogConfig: Setting CVar [[r.AnisotropicMaterials:1]]
[2022.03.30-08.09.00:645][  0]LogConfig: Setting CVar [[r.SSS.Scale:1]]
[2022.03.30-08.09.00:645][  0]LogConfig: Setting CVar [[r.SSS.SampleSet:2]]
[2022.03.30-08.09.00:645][  0]LogConfig: Setting CVar [[r.SSS.Quality:1]]
[2022.03.30-08.09.00:645][  0]LogConfig: Setting CVar [[r.SSS.HalfRes:0]]
[2022.03.30-08.09.00:645][  0]LogConfig: Setting CVar [[r.SSGI.Quality:4]]
[2022.03.30-08.09.00:645][  0]LogConfig: Setting CVar [[r.EmitterSpawnRateScale:1.0]]
[2022.03.30-08.09.00:645][  0]LogConfig: Setting CVar [[r.ParticleLightQuality:2]]
[2022.03.30-08.09.00:646][  0]LogConfig: Setting CVar [[r.SkyAtmosphere.AerialPerspectiveLUT.FastApplyOnOpaque:0]]
[2022.03.30-08.09.00:646][  0]LogConfig: Setting CVar [[r.SkyAtmosphere.AerialPerspectiveLUT.SampleCountMaxPerSlice:8]]
[2022.03.30-08.09.00:646][  0]LogConfig: Setting CVar [[r.SkyAtmosphere.AerialPerspectiveLUT.DepthResolution:32.0]]
[2022.03.30-08.09.00:646][  0]LogConfig: Setting CVar [[r.SkyAtmosphere.FastSkyLUT:0]]
[2022.03.30-08.09.00:646][  0]LogConfig: Setting CVar [[r.SkyAtmosphere.FastSkyLUT.SampleCountMin:4.0]]
[2022.03.30-08.09.00:646][  0]LogConfig: Setting CVar [[r.SkyAtmosphere.FastSkyLUT.SampleCountMax:256.0]]
[2022.03.30-08.09.00:646][  0]LogConfig: Setting CVar [[r.SkyAtmosphere.SampleCountMin:8.0]]
[2022.03.30-08.09.00:646][  0]LogConfig: Setting CVar [[r.SkyAtmosphere.SampleCountMax:256.0]]
[2022.03.30-08.09.00:646][  0]LogConfig: Setting CVar [[r.SkyAtmosphere.TransmittanceLUT.UseSmallFormat:0]]
[2022.03.30-08.09.00:646][  0]LogConfig: Setting CVar [[r.SkyAtmosphere.TransmittanceLUT.SampleCount:30.0]]
[2022.03.30-08.09.00:646][  0]LogConfig: Setting CVar [[r.SkyAtmosphere.MultiScatteringLUT.SampleCount:20.0]]
[2022.03.30-08.09.00:646][  0]LogConfig: Setting CVar [[r.SkyLight.RealTimeReflectionCapture:1]]
[2022.03.30-08.09.00:646][  0]LogConfig: Setting CVar [[fx.Niagara.QualityLevel:4]]
[2022.03.30-08.09.00:646][  0]LogConfig: Applying CVar settings from Section [FoliageQuality@Cine] File [C:/Users/tretrev4581/Documents/GitHub/Empathy-Growth-in-VR/Saved/Config/Windows/Scalability.ini]
[2022.03.30-08.09.00:646][  0]LogConfig: Setting CVar [[foliage.DensityScale:1.0]]
[2022.03.30-08.09.00:646][  0]LogConfig: Setting CVar [[grass.DensityScale:1.0]]
[2022.03.30-08.09.00:646][  0]LogConfig: Applying CVar settings from Section [ShadingQuality@Cine] File [C:/Users/tretrev4581/Documents/GitHub/Empathy-Growth-in-VR/Saved/Config/Windows/Scalability.ini]
[2022.03.30-08.09.00:646][  0]LogConfig: Setting CVar [[r.HairStrands.SkyLighting.IntegrationType:0]]
[2022.03.30-08.09.00:646][  0]LogConfig: Setting CVar [[r.HairStrands.SkyAO.SampleCount:8]]
[2022.03.30-08.09.00:646][  0]LogConfig: Setting CVar [[r.HairStrands.Visibility.MSAA.SamplePerPixel:8]]
[2022.03.30-08.09.00:646][  0]LogConfig: Setting CVar [[r.HairStrands.Interpolation.UseSingleGuide:0]]
[2022.03.30-08.09.00:646][  0]LogConfig: Applying CVar settings from Section [Startup] File [../../../Engine/Config/ConsoleVariables.ini]
[2022.03.30-08.09.00:646][  0]LogConfig: Setting CVar [[net.UseAdaptiveNetUpdateFrequency:0]]
[2022.03.30-08.09.00:646][  0]LogConfig: Setting CVar [[p.chaos.AllowCreatePhysxBodies:1]]
[2022.03.30-08.09.00:646][  0]LogConfig: Setting CVar [[fx.SkipVectorVMBackendOptimizations:1]]
[2022.03.30-08.09.00:646][  0]LogConfig: Applying CVar settings from Section [ConsoleVariables] File [C:/Users/tretrev4581/Documents/GitHub/Empathy-Growth-in-VR/Saved/Config/Windows/Engine.ini]
[2022.03.30-08.09.00:646][  0]LogConfig: Applying CVar settings from Section [ConsoleVariables] File [C:/Users/tretrev4581/Documents/GitHub/Empathy-Growth-in-VR/Saved/Config/Windows/Editor.ini]
[2022.03.30-08.09.00:646][  0]LogInit: Computer: THEMOTHERSHIP
[2022.03.30-08.09.00:646][  0]LogInit: User: tretrev4581
[2022.03.30-08.09.00:646][  0]LogInit: CPU Page size=4096, Cores=4
[2022.03.30-08.09.00:646][  0]LogInit: High frequency timer resolution =10.000000 MHz
[2022.03.30-08.09.00:646][  0]LogMemory: Memory total: Physical=32.0GB (32GB approx)
[2022.03.30-08.09.00:646][  0]LogMemory: Platform Memory Stats for Windows
[2022.03.30-08.09.00:646][  0]LogMemory: Process Physical Memory: 148.18 MB used, 148.18 MB peak
[2022.03.30-08.09.00:646][  0]LogMemory: Process Virtual Memory: 127.28 MB used, 127.28 MB peak
[2022.03.30-08.09.00:647][  0]LogMemory: Physical Memory: 20130.06 MB used,  12601.46 MB free, 32731.53 MB total
[2022.03.30-08.09.00:647][  0]LogMemory: Virtual Memory: 134202016.00 MB used,  15714.79 MB free, 134217728.00 MB total
[2022.03.30-08.09.00:655][  0]LogWindows: WindowsPlatformFeatures enabled
[2022.03.30-08.09.00:725][  0]LogInit: Physics initialised using underlying interface: PhysX
[2022.03.30-08.09.00:726][  0]LogDirectoryWatcher: Display: Failed initialise directory notification handle for 'C:/Users/tretrev4581/Documents/GitHub/Empathy-Growth-in-VR/Content/', and we were unable to create a new request. GetLastError code [2]
[2022.03.30-08.09.00:727][  0]LogDirectoryWatcher: Warning: Failed to begin reading directory changes for C:/Users/tretrev4581/Documents/GitHub/Empathy-Growth-in-VR/Content/. Error: The operation completed successfully. (0x00000000)
[2022.03.30-08.09.00:727][  0]LogInit: Using OS detected language (en-US).
[2022.03.30-08.09.00:727][  0]LogInit: Using OS detected locale (en-US).
[2022.03.30-08.09.00:730][  0]LogTextLocalizationManager: No specific localization for 'en-US' exists, so the 'en' localization will be used.
[2022.03.30-08.09.00:980][  0]LogInit: Setting process to per monitor DPI aware
[2022.03.30-08.09.01:000][  0]LogWindowsTextInputMethodSystem: Display: IME system deactivated.
[2022.03.30-08.09.01:042][  0]LogSlate: New Slate User Created.  User Index 0, Is Virtual User: 0
[2022.03.30-08.09.01:042][  0]LogSlate: Slate User Registered.  User Index 0, Is Virtual User: 0
[2022.03.30-08.09.01:249][  0]LogD3D11RHI: Loaded GFSDK_Aftermath_Lib.x64.dll
[2022.03.30-08.09.01:323][  0]LogHMD: Failed to initialize OpenVR with code 108
[2022.03.30-08.09.01:323][  0]LogD3D11RHI: D3D11 min allowed feature level: 11_0
[2022.03.30-08.09.01:323][  0]LogD3D11RHI: D3D11 max allowed feature level: 11_0
[2022.03.30-08.09.01:323][  0]LogD3D11RHI: D3D11 adapters:
[2022.03.30-08.09.01:440][  0]LogD3D11RHI:    0. 'NVIDIA GeForce GTX 1080' (Feature Level 11_0)
[2022.03.30-08.09.01:440][  0]LogD3D11RHI:       8079/0/16365 MB DedicatedVideo/DedicatedSystem/SharedSystem, Outputs:4, VendorId:0x10de
[2022.03.30-08.09.01:443][  0]LogD3D11RHI:    1. 'Microsoft Basic Render Driver' (Feature Level 11_0)
[2022.03.30-08.09.01:443][  0]LogD3D11RHI:       0/0/16365 MB DedicatedVideo/DedicatedSystem/SharedSystem, Outputs:0, VendorId:0x1414
[2022.03.30-08.09.01:443][  0]LogD3D11RHI: Chosen D3D11 Adapter:
[2022.03.30-08.09.01:443][  0]LogD3D11RHI:     Description : NVIDIA GeForce GTX 1080
[2022.03.30-08.09.01:443][  0]LogD3D11RHI:     VendorId    : 10de
[2022.03.30-08.09.01:443][  0]LogD3D11RHI:     DeviceId    : 1b80
[2022.03.30-08.09.01:443][  0]LogD3D11RHI:     SubSysId    : 33661028
[2022.03.30-08.09.01:443][  0]LogD3D11RHI:     Revision    : 00a1
[2022.03.30-08.09.01:443][  0]LogD3D11RHI:     DedicatedVideoMemory : 8471445504 bytes
[2022.03.30-08.09.01:443][  0]LogD3D11RHI:     DedicatedSystemMemory : 0 bytes
[2022.03.30-08.09.01:443][  0]LogD3D11RHI:     SharedSystemMemory : 17160747008 bytes
[2022.03.30-08.09.01:443][  0]LogD3D11RHI:     AdapterLuid : 0 48783
[2022.03.30-08.09.01:453][  0]LogD3D11RHI: Creating new Direct3DDevice
[2022.03.30-08.09.01:453][  0]LogD3D11RHI:     GPU DeviceId: 0x1b80 (for the marketing name, search the web for "GPU Device Id")
[2022.03.30-08.09.01:453][  0]LogWindows: EnumDisplayDevices:
[2022.03.30-08.09.01:453][  0]LogWindows:    0. 'NVIDIA GeForce GTX 1080' (P:1 D:1)
[2022.03.30-08.09.01:453][  0]LogWindows:    1. 'NVIDIA GeForce GTX 1080' (P:0 D:1)
[2022.03.30-08.09.01:453][  0]LogWindows:    2. 'NVIDIA GeForce GTX 1080' (P:0 D:1)
[2022.03.30-08.09.01:454][  0]LogWindows:    3. 'NVIDIA GeForce GTX 1080' (P:0 D:1)
[2022.03.30-08.09.01:454][  0]LogWindows: DebugString: FoundDriverCount:4 
[2022.03.30-08.09.01:454][  0]LogD3D11RHI:     Adapter Name: NVIDIA GeForce GTX 1080
[2022.03.30-08.09.01:454][  0]LogD3D11RHI:   Driver Version: 512.15 (internal:30.0.15.1215, unified:512.15)
[2022.03.30-08.09.01:454][  0]LogD3D11RHI:      Driver Date: 3-17-2022
[2022.03.30-08.09.01:454][  0]LogRHI: Texture pool is 5655 MB (70% of 8079 MB)
[2022.03.30-08.09.01:454][  0]LogD3D11RHI: Creating D3DDevice using adapter:
[2022.03.30-08.09.01:454][  0]LogD3D11RHI:     Description : NVIDIA GeForce GTX 1080
[2022.03.30-08.09.01:454][  0]LogD3D11RHI:     VendorId    : 10de
[2022.03.30-08.09.01:454][  0]LogD3D11RHI:     DeviceId    : 1b80
[2022.03.30-08.09.01:454][  0]LogD3D11RHI:     SubSysId    : 33661028
[2022.03.30-08.09.01:454][  0]LogD3D11RHI:     Revision    : 00a1
[2022.03.30-08.09.01:454][  0]LogD3D11RHI:     DedicatedVideoMemory : 8471445504 bytes
[2022.03.30-08.09.01:454][  0]LogD3D11RHI:     DedicatedSystemMemory : 0 bytes
[2022.03.30-08.09.01:454][  0]LogD3D11RHI:     SharedSystemMemory : 17160747008 bytes
[2022.03.30-08.09.01:454][  0]LogD3D11RHI:     AdapterLuid : 0 48783
[2022.03.30-08.09.01:520][  0]LogD3D11RHI: RHI has support for 64 bit atomics
[2022.03.30-08.09.01:521][  0]LogD3D11RHI: Async texture creation enabled
[2022.03.30-08.09.01:521][  0]LogD3D11RHI: Array index from any shader is supported
[2022.03.30-08.09.01:556][  0]LogD3D11RHI: GPU Timing Frequency: 1000.000000 (Debug: 2 1)
[2022.03.30-08.09.01:627][  0]LogRHI: GeForceNow SDK initialized: 1
[2022.03.30-08.09.02:028][  0]LogTargetPlatformManager: Display: Loaded TargetPlatform 'AllDesktop'
[2022.03.30-08.09.02:050][  0]LogTargetPlatformManager: Display: Loaded TargetPlatform 'Android'
[2022.03.30-08.09.02:050][  0]LogTargetPlatformManager: Display: Loaded TargetPlatform 'Android_ASTC'
[2022.03.30-08.09.02:050][  0]LogTargetPlatformManager: Display: Loaded TargetPlatform 'Android_DXT'
[2022.03.30-08.09.02:050][  0]LogTargetPlatformManager: Display: Loaded TargetPlatform 'Android_ETC2'
[2022.03.30-08.09.02:050][  0]LogTargetPlatformManager: Display: Loaded TargetPlatform 'AndroidClient'
[2022.03.30-08.09.02:050][  0]LogTargetPlatformManager: Display: Loaded TargetPlatform 'Android_ASTCClient'
[2022.03.30-08.09.02:050][  0]LogTargetPlatformManager: Display: Loaded TargetPlatform 'Android_DXTClient'
[2022.03.30-08.09.02:050][  0]LogTargetPlatformManager: Display: Loaded TargetPlatform 'Android_ETC2Client'
[2022.03.30-08.09.02:050][  0]LogTargetPlatformManager: Display: Loaded TargetPlatform 'Android_Multi'
[2022.03.30-08.09.02:050][  0]LogTargetPlatformManager: Display: Loaded TargetPlatform 'Android_MultiClient'
[2022.03.30-08.09.02:069][  0]LogTargetPlatformManager: Display: Loaded TargetPlatform 'IOSClient'
[2022.03.30-08.09.02:069][  0]LogTargetPlatformManager: Display: Loaded TargetPlatform 'IOS'
[2022.03.30-08.09.02:080][  0]LogTargetPlatformManager: Display: Loaded TargetPlatform 'Linux'
[2022.03.30-08.09.02:085][  0]LogTargetPlatformManager: Display: Loaded TargetPlatform 'LinuxNoEditor'
[2022.03.30-08.09.02:091][  0]LogTargetPlatformManager: Display: Loaded TargetPlatform 'LinuxClient'
[2022.03.30-08.09.02:096][  0]LogTargetPlatformManager: Display: Loaded TargetPlatform 'LinuxServer'
[2022.03.30-08.09.02:108][  0]LogTargetPlatformManager: Display: Loaded TargetPlatform 'LinuxAArch64NoEditor'
[2022.03.30-08.09.02:114][  0]LogTargetPlatformManager: Display: Loaded TargetPlatform 'LinuxAArch64Client'
[2022.03.30-08.09.02:118][  0]LogTargetPlatformManager: Display: Loaded TargetPlatform 'LinuxAArch64Server'
[2022.03.30-08.09.02:144][  0]LogTargetPlatformManager: Display: Loaded TargetPlatform 'Lumin'
[2022.03.30-08.09.02:144][  0]LogTargetPlatformManager: Display: Loaded TargetPlatform 'LuminClient'
[2022.03.30-08.09.02:152][  0]LogTargetPlatformManager: Display: Loaded TargetPlatform 'MacNoEditor'
[2022.03.30-08.09.02:157][  0]LogTargetPlatformManager: Display: Loaded TargetPlatform 'Mac'
[2022.03.30-08.09.02:161][  0]LogTargetPlatformManager: Display: Loaded TargetPlatform 'MacClient'
[2022.03.30-08.09.02:166][  0]LogTargetPlatformManager: Display: Loaded TargetPlatform 'MacServer'
[2022.03.30-08.09.02:176][  0]LogTargetPlatformManager: Display: Loaded TargetPlatform 'TVOSClient'
[2022.03.30-08.09.02:176][  0]LogTargetPlatformManager: Display: Loaded TargetPlatform 'TVOS'
[2022.03.30-08.09.02:185][  0]LogTargetPlatformManager: Display: Loaded TargetPlatform 'WindowsNoEditor'
[2022.03.30-08.09.02:191][  0]LogTargetPlatformManager: Display: Loaded TargetPlatform 'Windows'
[2022.03.30-08.09.02:197][  0]LogTargetPlatformManager: Display: Loaded TargetPlatform 'WindowsClient'
[2022.03.30-08.09.02:203][  0]LogTargetPlatformManager: Display: Loaded TargetPlatform 'WindowsServer'
[2022.03.30-08.09.02:203][  0]LogTargetPlatformManager: Display: Building Assets For Windows
[2022.03.30-08.09.02:210][  0]LogAudioDebug: Display: Lib vorbis DLL was dynamically loaded.
[2022.03.30-08.09.02:241][  0]LogTextureFormatOodle: Display: Oodle Texture 2.9.0 init RDO Off
[2022.03.30-08.09.02:278][  0]LogRendererCore: Ray tracing is disabled. Reason: r.RayTracing=0.
[2022.03.30-08.09.02:278][  0]LogShaderCompilers: Guid format shader working directory is -7 characters bigger than the processId version (C:/Users/tretrev4581/Documents/GitHub/Empathy-Growth-in-VR/Intermediate/Shaders/WorkingDirectory/24176/).
[2022.03.30-08.09.02:278][  0]LogShaderCompilers: Cleaned the shader compiler working directory 'C:/Users/tretrev4581/AppData/Local/Temp/UnrealShaderWorkingDir/B36CB85F461C810A48FB1E85ABF010E9/'.
[2022.03.30-08.09.02:278][  0]LogXGEController: Cannot use XGE Controller as Incredibuild is not installed on this machine.
[2022.03.30-08.09.02:278][  0]LogShaderCompilers: Cannot use XGE Shader Compiler as Incredibuild is not installed on this machine.
[2022.03.30-08.09.02:278][  0]LogShaderCompilers: Display: Using Local Shader Compiler.
[2022.03.30-08.09.03:064][  0]LogDerivedDataCache: Display: Max Cache Size: 512 MB
[2022.03.30-08.09.03:147][  0]LogDerivedDataCache: Loaded boot cache 0.08s 118MB C:/Users/tretrev4581/AppData/Local/UnrealEngine/4.27/DerivedDataCache/Boot.ddc.
[2022.03.30-08.09.03:147][  0]LogDerivedDataCache: Display: Loaded Boot cache: C:/Users/tretrev4581/AppData/Local/UnrealEngine/4.27/DerivedDataCache/Boot.ddc
[2022.03.30-08.09.03:147][  0]LogDerivedDataCache: FDerivedDataBackendGraph:  Pak pak cache file C:/Users/tretrev4581/Documents/GitHub/Empathy-Growth-in-VR/DerivedDataCache/DDC.ddp not found, will not use a pak cache.
[2022.03.30-08.09.03:147][  0]LogDerivedDataCache: Unable to find inner node Pak for hierarchical cache Hierarchy.
[2022.03.30-08.09.03:147][  0]LogDerivedDataCache: FDerivedDataBackendGraph:  CompressedPak pak cache file C:/Users/tretrev4581/Documents/GitHub/Empathy-Growth-in-VR/DerivedDataCache/Compressed.ddp not found, will not use a pak cache.
[2022.03.30-08.09.03:147][  0]LogDerivedDataCache: Unable to find inner node CompressedPak for hierarchical cache Hierarchy.
[2022.03.30-08.09.03:163][  0]LogDerivedDataCache: Display: Pak cache opened for reading ../../../Engine/DerivedDataCache/Compressed.ddp.
[2022.03.30-08.09.03:163][  0]LogDerivedDataCache: FDerivedDataBackendGraph:  EnterprisePak pak cache file ../../../Enterprise/DerivedDataCache/Compressed.ddp not found, will not use a pak cache.
[2022.03.30-08.09.03:163][  0]LogDerivedDataCache: Unable to find inner node EnterprisePak for hierarchical cache Hierarchy.
[2022.03.30-08.09.03:185][  0]LogDerivedDataCache: Speed tests for C:/Users/tretrev4581/AppData/Local/UnrealEngine/Common/DerivedDataCache took 0.02 seconds
[2022.03.30-08.09.03:185][  0]LogDerivedDataCache: Display: Performance to C:/Users/tretrev4581/AppData/Local/UnrealEngine/Common/DerivedDataCache: Latency=0.07ms. RandomReadSpeed=577.16MBs, RandomWriteSpeed=50.04MBs. Assigned SpeedClass 'Local'
[2022.03.30-08.09.03:185][  0]LogDerivedDataCache: Using Local data cache path C:/Users/tretrev4581/AppData/Local/UnrealEngine/Common/DerivedDataCache: Writable
[2022.03.30-08.09.03:185][  0]LogDerivedDataCache: Shared data cache path not found in *engine.ini, will not use an Shared cache.
[2022.03.30-08.09.03:186][  0]LogDerivedDataCache: Unable to find inner node Shared for hierarchical cache Hierarchy.
[2022.03.30-08.09.03:494][  0]LogShaderCompilers: Display: Submitted 602 shader compile jobs with 'High' priority
[2022.03.30-08.09.03:495][  0]LogSlate: Using FreeType 2.10.0
[2022.03.30-08.09.03:495][  0]LogSlate: SlateFontServices - WITH_FREETYPE: 1, WITH_HARFBUZZ: 1
[2022.03.30-08.09.03:522][  0]LogShaderCompilers: Display: Worker (1/5): shaders left to compile 602
[2022.03.30-08.09.03:522][  0]LogShaderCompilers: Display: Worker (2/5): shaders left to compile 592
[2022.03.30-08.09.03:523][  0]LogShaderCompilers: Display: Worker (3/5): shaders left to compile 582
[2022.03.30-08.09.03:523][  0]LogShaderCompilers: Display: Worker (4/5): shaders left to compile 572
[2022.03.30-08.09.03:523][  0]LogShaderCompilers: Display: Worker (5/5): shaders left to compile 562
[2022.03.30-08.09.03:523][  0]LogShaderCompilers: Display: Started 50 'Local' shader compile jobs with 'High' priority
[2022.03.30-08.09.03:523][  0]LogAssetRegistry: FAssetRegistry took 0.0030 seconds to start up
[2022.03.30-08.09.03:924][  0]LogInit: Selected Device Profile: [Windows]
[2022.03.30-08.09.03:924][  0]LogInit: Active device profile: [000001820ABAE000][000001820A8D8C00 49] Windows
[2022.03.30-08.09.03:924][  0]LogInit: Profiles: [000001820ABAE000][000001820A8D8C00 49] Windows, [000001820ABB9C00][00000182084C0D80 49] WindowsNoEditor, [000001820ABAE300][00000182084C4F00 49] WindowsServer, [000001820ABB9F00][00000182084C9080 49] WindowsClient, [000001820ABAE200][00000182084CD200 49] IOS, [000001820ABB9A00][000001820B8F1380 49] iPadAir, [000001820ABAD800][000001820B8F5500 49] iPadAir2, [000001820AB49D00][000001820B8FD7C0 49] IPadPro, [000001820AB49E00][000001820B8F9800 49] iPadAir3, [000001820ABAFE00][000001820B901980 49] iPadAir4, [000001820AB4BC00][000001820B905B00 49] iPadMini2, [000001820ABAC600][000001820B908100 49] iPadMini3, [000001820AB48B00][000001820A8DC240 49] iPadMini4, [000001820ABAE500][000001820B90C380 49] iPadMini5, [000001820AB61300][000001820B9145C0 49] iPhone6, [000001820AB61400][000001820B910600 49] iPodTouch6, [000001820ABB9E00][000001820B9208C0 49] iPhone7, [000001820ABBA300][000001820B91C900 49] iPodTouch7, [000001820AB63300][000001820B924A80 49] iPhone5S, [000001820ABBA800][000001820B928C00 49] iPhone6Plus, [000001820AB60900][000001820B92CD80 49] iPhone6S, [000001820ABBAE00][000001820B930F00 49] iPhone6SPlus, [000001820AB62600][000001820B935080 49] iPhone7Plus, [000001820ABB8600][000001820B939200 49] iPhoneSE, [000001820AB60E00][000001820B93D380 49] iPhone8, [000001820ABB8400][000001820B941500 49] iPhone8Plus, [000001820AB61600][000001820B945680 49] iPhoneX, [000001820ABB8E00][000001820B949800 49] iPhoneXS, [000001820AB61200][000001820B94D980 49] iPhoneXSMax, [000001820ABBB600][000001820B951B00 49] iPhoneXR, [000001820AB62100][000001820B954100 49] iPhone11, [000001820ABB9400][000001820B958280 49] iPhone11Pro, [000001820AB63400][000001820B9183C0 49] iPhone11ProMax, [000001820ABB9700][000001820B95C500 49] iPhoneSE2, [000001820AB61F00][000001820B960640 49] iPhone12Mini, [000001820ABB8C00][000001820B964780 49] iPhone12, [000001820AB62D00][000001820B96C900 49] iPhone12Pro, [000001820ABBA600][000001820B970A80 49] iPhone12ProMax, [000001820AB60B00][000001820B974C00 49] iPadPro105, [000001820ABB8A00][000001820B978D80 49] iPadPro129, [000001820AB60600][000001820B97CF00 49] iPadPro97, [000001820ABB9600][000001820B981080 49] iPadPro2_129, [000001820AB62300][000001820B985200 49] iPad5, [000001820AB4B900][000001820B989380 49] iPad6, [000001820AC48100][000001820B98D500 49] iPad7, [000001820AB4A400][000001820B991680 49] iPad8, [000001820ABBB400][000001820B995800 49] iPadPro11, [000001820AB4B000][000001820B999980 49] iPadPro2_11, [000001820ABB9500][000001820B99DB00 49] iPadPro3_129, [000001820AB4AD00][000001820B9A0100 49] iPadPro4_129, [000001820AB61700][000001820B9A4280 49] AppleTV, [000001820AB4AB00][000001820B9A8400 49] AppleTV4K, [000001820AB60100][000001820B968540 49] TVOS, [000001820AB4A200][000001820B9AC680 49] Mac, [000001820AB63800][000001820B9B07C0 49] MacClient, [000001820AB48800][000001820B9B4900 49] MacNoEditor, [000001820AB60F00][000001820B9BCA80 49] MacServer, [000001820AB48300][000001820B9C0C00 49] Linux, [000001820AB62500][000001820B9C4D80 49] LinuxAArch64, [000001820AB48400][000001820B9C8F00 49] LinuxNoEditor, [000001820AB62800][000001820B9CD080 49] LinuxAArch64NoEditor, [000001820AB49F00][000001820B9D1200 49] LinuxClient, [000001820AB61000][000001820B9D5380 49] LinuxAArch64Client, [000001820AB48A00][000001820B9D9500 49] LinuxServer, [000001820AB63A00][000001820B9DD680 49] LinuxAArch64Server, [000001820AB4A800][000001820B9E1800 49] Android, [000001820AB63900][000001820B9E5980 49] Android_Low, [000001820AB48200][000001820B9E9B00 49] Android_Mid, [000001820AB61B00][000001820B9EC100 49] Android_High, [000001820AB49100][000001820B9F0280 49] Android_Default, [000001820AB63000][000001820B9F4400 49] Android_Adreno4xx, [000001820AB4BD00][000001820B9F8580 49] Android_Adreno5xx_Low, [000001820AB60C00][000001820B9FC700 49] Android_Adreno5xx, [000001820AB49000][000001820B9B8840 49] Android_Adreno6xx, [000001820AB61800][000001820BA00980 49] Android_Adreno6xx_Vulkan, [000001820AB4BA00][000001820BA04AC0 49] Android_Mali_T6xx, [000001820AB60500][000001820BA0CC40 49] Android_Mali_T7xx, [000001820AB4AC00][000001820BA10DC0 49] Android_Mali_T8xx, [000001820AB61100][000001820BA14F40 49] Android_Mali_G71, [000001820AB48C00][000001820BA190C0 49] Android_Mali_G72, [000001820AB60200][000001820BA7B240 49] Android_Mali_G72_Vulkan, [000001820AB4A100][000001820BA7F3C0 49] Android_Mali_G76, [000001820AB62200][000001820BA83540 49] Android_Mali_G76_Vulkan, [000001820AB4BE00][000001820BA876C0 49] Android_Mali_G77, [000001820AB63F00][000001820BA8B840 49] Android_Mali_G77_Vulkan, [000001820AB49A00][000001820BA8F9C0 49] Android_Mali_G78, [000001820AB61500][000001820BA93B40 49] Android_Mali_G78_Vulkan, [000001820AB48900][000001820BA96140 49] Android_Mali_G710, [000001820AB62C00][000001820BA9A2C0 49] Android_Mali_G710_Vulkan, [000001820AB48500][000001820BA9E440 49] Android_Vulkan_SM5, [000001820AB63B00][000001820BAA25C0 49] Android_PowerVR_G6xxx, [000001820AB4B300][000001820BAA6740 49] Android_PowerVR_GT7xxx, [000001820AB62A00][000001820BAAA8C0 49] Android_PowerVR_GE8xxx, [000001820AB49700][000001820BA08A00 49] Android_PowerVR_GM9xxx, [000001820ABAD100][000001820BAAEB40 49] Android_PowerVR_GM9xxx_Vulkan, [000001820ABBA100][000001820BAB2C80 49] Android_TegraK1, [000001820ABAD600][000001820BAB6DC0 49] Android_Unknown_Vulkan, [000001820ABBA200][000001820BABEF40 49] Lumin, [000001820ABACA00][000001820BAC30C0 49] Lumin_Desktop, [000001820ABBAF00][000001820BAC7240 49] HoloLens, 
[2022.03.30-08.09.04:053][  0]LogMaterial: Display: Missing cached shadermap for WorldGridMaterial in PCD3D_SM5, Default, SM5 (DDC key hash: B0ABD71BE39080A2B6884212222156BB87ACE5E2), compiling. Is special engine material.
[2022.03.30-08.09.05:501][  0]LogShaderCompilers: Display: Submitted 1234 shader compile jobs with 'High' priority
[2022.03.30-08.09.08:158][  0]LogShaderCompilers: Display: Worker (1/5): shaders left to compile 1786
[2022.03.30-08.09.08:158][  0]LogShaderCompilers: Display: Started 10 'Local' shader compile jobs with 'High' priority
[2022.03.30-08.09.08:158][  0]LogShaderCompilers: Display: Worker (2/5): shaders left to compile 1776
[2022.03.30-08.09.08:158][  0]LogShaderCompilers: Display: Started 10 'Local' shader compile jobs with 'High' priority
[2022.03.30-08.09.12:407][  0]LogShaderCompilers: Display: Worker (1/5): shaders left to compile 1766
[2022.03.30-08.09.12:407][  0]LogShaderCompilers: Display: Started 10 'Local' shader compile jobs with 'High' priority
[2022.03.30-08.09.13:470][  0]LogShaderCompilers: Display: Worker (2/5): shaders left to compile 1756
[2022.03.30-08.09.13:470][  0]LogShaderCompilers: Display: Started 10 'Local' shader compile jobs with 'High' priority
[2022.03.30-08.09.16:657][  0]LogShaderCompilers: Display: Worker (1/5): shaders left to compile 1746
[2022.03.30-08.09.16:657][  0]LogShaderCompilers: Display: Started 10 'Local' shader compile jobs with 'High' priority
[2022.03.30-08.09.18:251][  0]LogShaderCompilers: Display: Worker (2/5): shaders left to compile 1736
[2022.03.30-08.09.18:251][  0]LogShaderCompilers: Display: Started 10 'Local' shader compile jobs with 'High' priority
[2022.03.30-08.09.20:375][  0]LogShaderCompilers: Display: Worker (1/5): shaders left to compile 1726
[2022.03.30-08.09.20:375][  0]LogShaderCompilers: Display: Started 10 'Local' shader compile jobs with 'High' priority
[2022.03.30-08.09.23:031][  0]LogShaderCompilers: Display: Worker (2/5): shaders left to compile 1716
[2022.03.30-08.09.23:031][  0]LogShaderCompilers: Display: Started 10 'Local' shader compile jobs with 'High' priority
[2022.03.30-08.09.25:156][  0]LogShaderCompilers: Display: Worker (1/5): shaders left to compile 1706
[2022.03.30-08.09.25:156][  0]LogShaderCompilers: Display: Started 10 'Local' shader compile jobs with 'High' priority
[2022.03.30-08.09.27:280][  0]LogShaderCompilers: Display: Worker (2/5): shaders left to compile 1696
[2022.03.30-08.09.27:280][  0]LogShaderCompilers: Display: Started 10 'Local' shader compile jobs with 'High' priority
[2022.03.30-08.09.28:343][  0]LogShaderCompilers: Display: Worker (4/5): shaders left to compile 1686
[2022.03.30-08.09.28:343][  0]LogShaderCompilers: Display: Started 10 'Local' shader compile jobs with 'High' priority
[2022.03.30-08.09.28:343][  0]LogShaderCompilers: Display: Worker (1/5): shaders left to compile 1676
[2022.03.30-08.09.28:343][  0]LogShaderCompilers: Display: Started 10 'Local' shader compile jobs with 'High' priority
[2022.03.30-08.09.29:936][  0]LogShaderCompilers: Display: Worker (2/5): shaders left to compile 1666
[2022.03.30-08.09.29:936][  0]LogShaderCompilers: Display: Started 10 'Local' shader compile jobs with 'High' priority
[2022.03.30-08.09.30:999][  0]LogShaderCompilers: Display: Worker (5/5): shaders left to compile 1656
[2022.03.30-08.09.30:999][  0]LogShaderCompilers: Display: Started 10 'Local' shader compile jobs with 'High' priority
[2022.03.30-08.09.31:530][  0]LogShaderCompilers: Display: Worker (1/5): shaders left to compile 1646
[2022.03.30-08.09.31:530][  0]LogShaderCompilers: Display: Started 10 'Local' shader compile jobs with 'High' priority
[2022.03.30-08.09.32:593][  0]LogShaderCompilers: Display: Worker (4/5): shaders left to compile 1636
[2022.03.30-08.09.32:593][  0]LogShaderCompilers: Display: Started 10 'Local' shader compile jobs with 'High' priority
[2022.03.30-08.09.34:189][  0]LogShaderCompilers: Display: Worker (2/5): shaders left to compile 1626
[2022.03.30-08.09.34:189][  0]LogShaderCompilers: Display: Started 10 'Local' shader compile jobs with 'High' priority
[2022.03.30-08.09.34:189][  0]LogShaderCompilers: Display: Worker (1/5): shaders left to compile 1616
[2022.03.30-08.09.34:189][  0]LogShaderCompilers: Display: Started 10 'Local' shader compile jobs with 'High' priority
[2022.03.30-08.09.34:720][  0]LogShaderCompilers: Display: Worker (5/5): shaders left to compile 1606
[2022.03.30-08.09.34:720][  0]LogShaderCompilers: Display: Started 10 'Local' shader compile jobs with 'High' priority
[2022.03.30-08.09.38:438][  0]LogShaderCompilers: Display: Worker (2/5): shaders left to compile 1596
[2022.03.30-08.09.38:438][  0]LogShaderCompilers: Display: Started 10 'Local' shader compile jobs with 'High' priority
[2022.03.30-08.09.38:970][  0]LogShaderCompilers: Display: Worker (4/5): shaders left to compile 1586
[2022.03.30-08.09.38:970][  0]LogShaderCompilers: Display: Started 10 'Local' shader compile jobs with 'High' priority
[2022.03.30-08.09.39:501][  0]LogShaderCompilers: Display: Worker (1/5): shaders left to compile 1576
[2022.03.30-08.09.39:501][  0]LogShaderCompilers: Display: Started 10 'Local' shader compile jobs with 'High' priority
[2022.03.30-08.09.39:501][  0]LogShaderCompilers: Display: Worker (5/5): shaders left to compile 1566
[2022.03.30-08.09.39:501][  0]LogShaderCompilers: Display: Started 10 'Local' shader compile jobs with 'High' priority
[2022.03.30-08.09.42:688][  0]LogShaderCompilers: Display: Worker (4/5): shaders left to compile 1556
[2022.03.30-08.09.42:688][  0]LogShaderCompilers: Display: Started 10 'Local' shader compile jobs with 'High' priority
[2022.03.30-08.09.43:750][  0]LogShaderCompilers: Display: Worker (2/5): shaders left to compile 1546
[2022.03.30-08.09.43:750][  0]LogShaderCompilers: Display: Started 10 'Local' shader compile jobs with 'High' priority
[2022.03.30-08.09.43:750][  0]LogShaderCompilers: Display: Worker (1/5): shaders left to compile 1536
[2022.03.30-08.09.43:750][  0]LogShaderCompilers: Display: Started 10 'Local' shader compile jobs with 'High' priority
[2022.03.30-08.09.44:285][  0]LogShaderCompilers: Display: Worker (5/5): shaders left to compile 1526
[2022.03.30-08.09.44:285][  0]LogShaderCompilers: Display: Started 10 'Local' shader compile jobs with 'High' priority
[2022.03.30-08.09.46:417][  0]LogShaderCompilers: Display: Worker (4/5): shaders left to compile 1516
[2022.03.30-08.09.46:417][  0]LogShaderCompilers: Display: Started 10 'Local' shader compile jobs with 'High' priority
[2022.03.30-08.09.49:604][  0]LogShaderCompilers: Display: Worker (2/5): shaders left to compile 1506
[2022.03.30-08.09.49:604][  0]LogShaderCompilers: Display: Started 10 'Local' shader compile jobs with 'High' priority
[2022.03.30-08.09.49:604][  0]LogShaderCompilers: Display: Worker (5/5): shaders left to compile 1496
[2022.03.30-08.09.49:604][  0]LogShaderCompilers: Display: Started 10 'Local' shader compile jobs with 'High' priority
[2022.03.30-08.09.50:136][  0]LogShaderCompilers: Display: Worker (1/5): shaders left to compile 1486
[2022.03.30-08.09.50:136][  0]LogShaderCompilers: Display: Started 10 'Local' shader compile jobs with 'High' priority
[2022.03.30-08.09.52:792][  0]LogShaderCompilers: Display: Worker (4/5): shaders left to compile 1476
[2022.03.30-08.09.52:792][  0]LogShaderCompilers: Display: Started 10 'Local' shader compile jobs with 'High' priority
[2022.03.30-08.09.54:385][  0]LogShaderCompilers: Display: Worker (1/5): shaders left to compile 1466
[2022.03.30-08.09.54:385][  0]LogShaderCompilers: Display: Started 10 'Local' shader compile jobs with 'High' priority
[2022.03.30-08.09.54:916][  0]LogShaderCompilers: Display: Worker (2/5): shaders left to compile 1456
[2022.03.30-08.09.54:916][  0]LogShaderCompilers: Display: Started 10 'Local' shader compile jobs with 'High' priority
[2022.03.30-08.09.54:916][  0]LogShaderCompilers: Display: Worker (5/5): shaders left to compile 1446
[2022.03.30-08.09.54:916][  0]LogShaderCompilers: Display: Started 10 'Local' shader compile jobs with 'High' priority
[2022.03.30-08.09.55:979][  0]LogShaderCompilers: Display: Worker (4/5): shaders left to compile 1436
[2022.03.30-08.09.55:979][  0]LogShaderCompilers: Display: Started 10 'Local' shader compile jobs with 'High' priority
[2022.03.30-08.09.58:104][  0]LogShaderCompilers: Display: Worker (2/5): shaders left to compile 1426
[2022.03.30-08.09.58:104][  0]LogShaderCompilers: Display: Started 10 'Local' shader compile jobs with 'High' priority
[2022.03.30-08.09.59:166][  0]LogShaderCompilers: Display: Worker (1/5): shaders left to compile 1416
[2022.03.30-08.09.59:166][  0]LogShaderCompilers: Display: Started 10 'Local' shader compile jobs with 'High' priority
[2022.03.30-08.09.59:697][  0]LogShaderCompilers: Display: Worker (5/5): shaders left to compile 1406
[2022.03.30-08.09.59:697][  0]LogShaderCompilers: Display: Started 10 'Local' shader compile jobs with 'High' priority
[2022.03.30-08.10.00:760][  0]LogShaderCompilers: Display: Worker (4/5): shaders left to compile 1396
[2022.03.30-08.10.00:760][  0]LogShaderCompilers: Display: Started 10 'Local' shader compile jobs with 'High' priority
[2022.03.30-08.10.02:887][  0]LogShaderCompilers: Display: Worker (2/5): shaders left to compile 1386
[2022.03.30-08.10.02:887][  0]LogShaderCompilers: Display: Started 10 'Local' shader compile jobs with 'High' priority
[2022.03.30-08.10.03:949][  0]LogShaderCompilers: Display: Worker (1/5): shaders left to compile 1376
[2022.03.30-08.10.03:949][  0]LogShaderCompilers: Display: Started 10 'Local' shader compile jobs with 'High' priority
[2022.03.30-08.10.04:480][  0]LogShaderCompilers: Display: Worker (4/5): shaders left to compile 1366
[2022.03.30-08.10.04:480][  0]LogShaderCompilers: Display: Started 10 'Local' shader compile jobs with 'High' priority
[2022.03.30-08.10.05:012][  0]LogShaderCompilers: Display: Worker (5/5): shaders left to compile 1356
[2022.03.30-08.10.05:012][  0]LogShaderCompilers: Display: Started 10 'Local' shader compile jobs with 'High' priority
[2022.03.30-08.10.08:199][  0]LogShaderCompilers: Display: Worker (1/5): shaders left to compile 1346
[2022.03.30-08.10.08:199][  0]LogShaderCompilers: Display: Started 10 'Local' shader compile jobs with 'High' priority
[2022.03.30-08.10.08:730][  0]LogShaderCompilers: Display: Worker (2/5): shaders left to compile 1336
[2022.03.30-08.10.08:730][  0]LogShaderCompilers: Display: Started 10 'Local' shader compile jobs with 'High' priority
[2022.03.30-08.10.09:261][  0]LogShaderCompilers: Display: Worker (5/5): shaders left to compile 1326
[2022.03.30-08.10.09:261][  0]LogShaderCompilers: Display: Started 10 'Local' shader compile jobs with 'High' priority
[2022.03.30-08.10.09:261][  0]LogShaderCompilers: Display: Worker (4/5): shaders left to compile 1316
[2022.03.30-08.10.09:261][  0]LogShaderCompilers: Display: Started 10 'Local' shader compile jobs with 'High' priority
[2022.03.30-08.10.11:917][  0]LogShaderCompilers: Display: Worker (2/5): shaders left to compile 1306
[2022.03.30-08.10.11:917][  0]LogShaderCompilers: Display: Started 10 'Local' shader compile jobs with 'High' priority
[2022.03.30-08.10.13:511][  0]LogShaderCompilers: Display: Worker (4/5): shaders left to compile 1296
[2022.03.30-08.10.13:511][  0]LogShaderCompilers: Display: Started 10 'Local' shader compile jobs with 'High' priority
[2022.03.30-08.10.13:511][  0]LogShaderCompilers: Display: Worker (1/5): shaders left to compile 1286
[2022.03.30-08.10.13:511][  0]LogShaderCompilers: Display: Started 10 'Local' shader compile jobs with 'High' priority
[2022.03.30-08.10.14:573][  0]LogShaderCompilers: Display: Worker (5/5): shaders left to compile 1276
[2022.03.30-08.10.14:573][  0]LogShaderCompilers: Display: Started 10 'Local' shader compile jobs with 'High' priority
[2022.03.30-08.10.16:697][  0]LogShaderCompilers: Display: Worker (4/5): shaders left to compile 1266
[2022.03.30-08.10.16:697][  0]LogShaderCompilers: Display: Started 10 'Local' shader compile jobs with 'High' priority
[2022.03.30-08.10.16:697][  0]LogShaderCompilers: Display: Worker (2/5): shaders left to compile 1256
[2022.03.30-08.10.16:697][  0]LogShaderCompilers: Display: Started 10 'Local' shader compile jobs with 'High' priority
[2022.03.30-08.10.20:416][  0]LogShaderCompilers: Display: Worker (5/5): shaders left to compile 1246
[2022.03.30-08.10.20:416][  0]LogShaderCompilers: Display: Started 10 'Local' shader compile jobs with 'High' priority
[2022.03.30-08.10.20:416][  0]LogShaderCompilers: Display: Worker (1/5): shaders left to compile 1236
[2022.03.30-08.10.20:416][  0]LogShaderCompilers: Display: Started 10 'Local' shader compile jobs with 'High' priority
[2022.03.30-08.10.22:009][  0]LogShaderCompilers: Display: Worker (2/5): shaders left to compile 1226
[2022.03.30-08.10.22:009][  0]LogShaderCompilers: Display: Started 10 'Local' shader compile jobs with 'High' priority
[2022.03.30-08.10.23:072][  0]LogShaderCompilers: Display: Worker (4/5): shaders left to compile 1216
[2022.03.30-08.10.23:072][  0]LogShaderCompilers: Display: Started 10 'Local' shader compile jobs with 'High' priority
[2022.03.30-08.10.25:728][  0]LogShaderCompilers: Display: Worker (1/5): shaders left to compile 1206
[2022.03.30-08.10.25:728][  0]LogShaderCompilers: Display: Started 10 'Local' shader compile jobs with 'High' priority
[2022.03.30-08.10.26:259][  0]LogShaderCompilers: Display: Worker (2/5): shaders left to compile 1196
[2022.03.30-08.10.26:259][  0]LogShaderCompilers: Display: Started 10 'Local' shader compile jobs with 'High' priority
[2022.03.30-08.10.28:384][  0]LogShaderCompilers: Display: Worker (5/5): shaders left to compile 1186
[2022.03.30-08.10.28:384][  0]LogShaderCompilers: Display: Started 10 'Local' shader compile jobs with 'High' priority
[2022.03.30-08.10.29:446][  0]LogShaderCompilers: Display: Worker (4/5): shaders left to compile 1176
[2022.03.30-08.10.29:446][  0]LogShaderCompilers: Display: Started 10 'Local' shader compile jobs with 'High' priority
[2022.03.30-08.10.29:978][  0]LogShaderCompilers: Display: Worker (1/5): shaders left to compile 1166
[2022.03.30-08.10.29:978][  0]LogShaderCompilers: Display: Started 10 'Local' shader compile jobs with 'High' priority
[2022.03.30-08.10.32:634][  0]LogShaderCompilers: Display: Worker (5/5): shaders left to compile 1156
[2022.03.30-08.10.32:634][  0]LogShaderCompilers: Display: Started 10 'Local' shader compile jobs with 'High' priority
[2022.03.30-08.10.32:634][  0]LogShaderCompilers: Display: Worker (2/5): shaders left to compile 1146
[2022.03.30-08.10.32:634][  0]LogShaderCompilers: Display: Started 10 'Local' shader compile jobs with 'High' priority
[2022.03.30-08.10.34:228][  0]LogShaderCompilers: Display: Worker (4/5): shaders left to compile 1136
[2022.03.30-08.10.34:228][  0]LogShaderCompilers: Display: Started 10 'Local' shader compile jobs with 'High' priority
[2022.03.30-08.10.34:759][  0]LogShaderCompilers: Display: Worker (1/5): shaders left to compile 1126
[2022.03.30-08.10.34:759][  0]LogShaderCompilers: Display: Started 10 'Local' shader compile jobs with 'High' priority
[2022.03.30-08.10.36:353][  0]LogShaderCompilers: Display: Worker (2/5): shaders left to compile 1116
[2022.03.30-08.10.36:353][  0]LogShaderCompilers: Display: Started 10 'Local' shader compile jobs with 'High' priority
[2022.03.30-08.10.36:884][  0]LogShaderCompilers: Display: Worker (5/5): shaders left to compile 1106
[2022.03.30-08.10.36:884][  0]LogShaderCompilers: Display: Started 10 'Local' shader compile jobs with 'High' priority
[2022.03.30-08.10.39:009][  0]LogShaderCompilers: Display: Worker (4/5): shaders left to compile 1096
[2022.03.30-08.10.39:009][  0]LogShaderCompilers: Display: Started 10 'Local' shader compile jobs with 'High' priority
[2022.03.30-08.10.39:009][  0]LogShaderCompilers: Display: Worker (1/5): shaders left to compile 1086
[2022.03.30-08.10.39:009][  0]LogShaderCompilers: Display: Started 10 'Local' shader compile jobs with 'High' priority
[2022.03.30-08.10.40:602][  0]LogShaderCompilers: Display: Worker (2/5): shaders left to compile 1076
[2022.03.30-08.10.40:602][  0]LogShaderCompilers: Display: Started 10 'Local' shader compile jobs with 'High' priority
[2022.03.30-08.10.40:602][  0]LogShaderCompilers: Display: Worker (5/5): shaders left to compile 1066
[2022.03.30-08.10.40:602][  0]LogShaderCompilers: Display: Started 10 'Local' shader compile jobs with 'High' priority
[2022.03.30-08.10.42:196][  0]LogShaderCompilers: Display: Worker (1/5): shaders left to compile 1056
[2022.03.30-08.10.42:196][  0]LogShaderCompilers: Display: Started 10 'Local' shader compile jobs with 'High' priority
[2022.03.30-08.10.43:259][  0]LogShaderCompilers: Display: Worker (5/5): shaders left to compile 1046
[2022.03.30-08.10.43:259][  0]LogShaderCompilers: Display: Started 10 'Local' shader compile jobs with 'High' priority
[2022.03.30-08.10.43:790][  0]LogShaderCompilers: Display: Worker (4/5): shaders left to compile 1036
[2022.03.30-08.10.43:790][  0]LogShaderCompilers: Display: Started 10 'Local' shader compile jobs with 'High' priority
[2022.03.30-08.10.44:852][  0]LogShaderCompilers: Display: Worker (2/5): shaders left to compile 1026
[2022.03.30-08.10.44:852][  0]LogShaderCompilers: Display: Started 10 'Local' shader compile jobs with 'High' priority
[2022.03.30-08.10.46:446][  0]LogShaderCompilers: Display: Worker (1/5): shaders left to compile 1016
[2022.03.30-08.10.46:446][  0]LogShaderCompilers: Display: Started 10 'Local' shader compile jobs with 'High' priority
[2022.03.30-08.10.46:446][  0]LogShaderCompilers: Display: Worker (5/5): shaders left to compile 1006
[2022.03.30-08.10.46:446][  0]LogShaderCompilers: Display: Started 10 'Local' shader compile jobs with 'High' priority
[2022.03.30-08.10.46:977][  0]LogShaderCompilers: Display: Worker (2/5): shaders left to compile 996
[2022.03.30-08.10.46:977][  0]LogShaderCompilers: Display: Started 10 'Local' shader compile jobs with 'High' priority
[2022.03.30-08.10.47:508][  0]LogShaderCompilers: Display: Worker (4/5): shaders left to compile 986
[2022.03.30-08.10.47:508][  0]LogShaderCompilers: Display: Started 10 'Local' shader compile jobs with 'High' priority
[2022.03.30-08.10.50:696][  0]LogShaderCompilers: Display: Worker (5/5): shaders left to compile 976
[2022.03.30-08.10.50:696][  0]LogShaderCompilers: Display: Started 10 'Local' shader compile jobs with 'High' priority
[2022.03.30-08.10.51:758][  0]LogShaderCompilers: Display: Worker (2/5): shaders left to compile 966
[2022.03.30-08.10.51:758][  0]LogShaderCompilers: Display: Started 10 'Local' shader compile jobs with 'High' priority
[2022.03.30-08.10.52:289][  0]LogShaderCompilers: Display: Worker (4/5): shaders left to compile 956
[2022.03.30-08.10.52:289][  0]LogShaderCompilers: Display: Started 10 'Local' shader compile jobs with 'High' priority
[2022.03.30-08.10.52:289][  0]LogShaderCompilers: Display: Worker (1/5): shaders left to compile 946
[2022.03.30-08.10.52:289][  0]LogShaderCompilers: Display: Started 10 'Local' shader compile jobs with 'High' priority
[2022.03.30-08.10.53:883][  0]LogShaderCompilers: Display: Worker (5/5): shaders left to compile 936
[2022.03.30-08.10.53:883][  0]LogShaderCompilers: Display: Started 10 'Local' shader compile jobs with 'High' priority
[2022.03.30-08.10.54:945][  0]LogShaderCompilers: Display: Worker (4/5): shaders left to compile 926
[2022.03.30-08.10.54:945][  0]LogShaderCompilers: Display: Started 10 'Local' shader compile jobs with 'High' priority
[2022.03.30-08.10.55:476][  0]LogShaderCompilers: Display: Worker (2/5): shaders left to compile 916
[2022.03.30-08.10.55:476][  0]LogShaderCompilers: Display: Started 10 'Local' shader compile jobs with 'High' priority
[2022.03.30-08.10.56:008][  0]LogShaderCompilers: Display: Worker (1/5): shaders left to compile 906
[2022.03.30-08.10.56:008][  0]LogShaderCompilers: Display: Started 10 'Local' shader compile jobs with 'High' priority
[2022.03.30-08.10.57:070][  0]LogShaderCompilers: Display: Worker (5/5): shaders left to compile 896
[2022.03.30-08.10.57:070][  0]LogShaderCompilers: Display: Started 10 'Local' shader compile jobs with 'High' priority
[2022.03.30-08.10.58:664][  0]LogShaderCompilers: Display: Worker (2/5): shaders left to compile 886
[2022.03.30-08.10.58:664][  0]LogShaderCompilers: Display: Started 10 'Local' shader compile jobs with 'High' priority
[2022.03.30-08.10.59:726][  0]LogShaderCompilers: Display: Worker (4/5): shaders left to compile 876
[2022.03.30-08.10.59:726][  0]LogShaderCompilers: Display: Started 10 'Local' shader compile jobs with 'High' priority
[2022.03.30-08.11.01:320][  0]LogShaderCompilers: Display: Worker (1/5): shaders left to compile 866
[2022.03.30-08.11.01:320][  0]LogShaderCompilers: Display: Started 10 'Local' shader compile jobs with 'High' priority
[2022.03.30-08.11.01:320][  0]LogShaderCompilers: Display: Worker (5/5): shaders left to compile 856
[2022.03.30-08.11.01:320][  0]LogShaderCompilers: Display: Started 10 'Local' shader compile jobs with 'High' priority
[2022.03.30-08.11.02:913][  0]LogShaderCompilers: Display: Worker (4/5): shaders left to compile 846
[2022.03.30-08.11.02:913][  0]LogShaderCompilers: Display: Started 10 'Local' shader compile jobs with 'High' priority
[2022.03.30-08.11.02:913][  0]LogShaderCompilers: Display: Worker (2/5): shaders left to compile 836
[2022.03.30-08.11.02:913][  0]LogShaderCompilers: Display: Started 10 'Local' shader compile jobs with 'High' priority
[2022.03.30-08.11.07:163][  0]LogShaderCompilers: Display: Worker (5/5): shaders left to compile 826
[2022.03.30-08.11.07:163][  0]LogShaderCompilers: Display: Started 10 'Local' shader compile jobs with 'High' priority
[2022.03.30-08.11.10:350][  0]LogShaderCompilers: Display: Worker (4/5): shaders left to compile 816
[2022.03.30-08.11.10:350][  0]LogShaderCompilers: Display: Started 10 'Local' shader compile jobs with 'High' priority
[2022.03.30-08.11.11:412][  0]LogShaderCompilers: Display: Worker (2/5): shaders left to compile 806
[2022.03.30-08.11.11:412][  0]LogShaderCompilers: Display: Started 10 'Local' shader compile jobs with 'High' priority
[2022.03.30-08.11.11:412][  0]LogShaderCompilers: Display: Worker (5/5): shaders left to compile 796
[2022.03.30-08.11.11:412][  0]LogShaderCompilers: Display: Started 10 'Local' shader compile jobs with 'High' priority
[2022.03.30-08.11.11:943][  0]LogShaderCompilers: Display: Worker (1/5): shaders left to compile 786
[2022.03.30-08.11.11:943][  0]LogShaderCompilers: Display: Started 10 'Local' shader compile jobs with 'High' priority
[2022.03.30-08.11.14:068][  0]LogShaderCompilers: Display: Worker (4/5): shaders left to compile 776
[2022.03.30-08.11.14:068][  0]LogShaderCompilers: Display: Started 10 'Local' shader compile jobs with 'High' priority
[2022.03.30-08.11.15:130][  0]LogShaderCompilers: Display: Worker (2/5): shaders left to compile 766
[2022.03.30-08.11.15:130][  0]LogShaderCompilers: Display: Started 10 'Local' shader compile jobs with 'High' priority
[2022.03.30-08.11.15:130][  0]LogShaderCompilers: Display: Worker (5/5): shaders left to compile 756
[2022.03.30-08.11.15:130][  0]LogShaderCompilers: Display: Started 10 'Local' shader compile jobs with 'High' priority
[2022.03.30-08.11.16:724][  0]LogShaderCompilers: Display: Worker (1/5): shaders left to compile 746
[2022.03.30-08.11.16:724][  0]LogShaderCompilers: Display: Started 10 'Local' shader compile jobs with 'High' priority
[2022.03.30-08.11.18:318][  0]LogShaderCompilers: Display: Worker (4/5): shaders left to compile 736
[2022.03.30-08.11.18:318][  0]LogShaderCompilers: Display: Started 10 'Local' shader compile jobs with 'High' priority
[2022.03.30-08.11.18:849][  0]LogShaderCompilers: Display: Worker (5/5): shaders left to compile 726
[2022.03.30-08.11.18:849][  0]LogShaderCompilers: Display: Started 10 'Local' shader compile jobs with 'High' priority
[2022.03.30-08.11.20:443][  0]LogShaderCompilers: Display: Worker (2/5): shaders left to compile 716
[2022.03.30-08.11.20:443][  0]LogShaderCompilers: Display: Started 10 'Local' shader compile jobs with 'High' priority
[2022.03.30-08.11.22:567][  0]LogShaderCompilers: Display: Worker (4/5): shaders left to compile 706
[2022.03.30-08.11.22:567][  0]LogShaderCompilers: Display: Started 10 'Local' shader compile jobs with 'High' priority
[2022.03.30-08.11.23:099][  0]LogShaderCompilers: Display: Worker (1/5): shaders left to compile 696
[2022.03.30-08.11.23:099][  0]LogShaderCompilers: Display: Started 10 'Local' shader compile jobs with 'High' priority
[2022.03.30-08.11.23:630][  0]LogShaderCompilers: Display: Worker (5/5): shaders left to compile 686
[2022.03.30-08.11.23:630][  0]LogShaderCompilers: Display: Started 10 'Local' shader compile jobs with 'High' priority
[2022.03.30-08.11.24:692][  0]LogShaderCompilers: Display: Worker (2/5): shaders left to compile 676
[2022.03.30-08.11.24:692][  0]LogShaderCompilers: Display: Started 10 'Local' shader compile jobs with 'High' priority
[2022.03.30-08.11.28:420][  0]LogShaderCompilers: Display: Worker (1/5): shaders left to compile 666
[2022.03.30-08.11.28:420][  0]LogShaderCompilers: Display: Started 10 'Local' shader compile jobs with 'High' priority
[2022.03.30-08.11.31:076][  0]LogShaderCompilers: Display: Worker (5/5): shaders left to compile 656
[2022.03.30-08.11.31:076][  0]LogShaderCompilers: Display: Started 10 'Local' shader compile jobs with 'High' priority
[2022.03.30-08.11.33:201][  0]LogShaderCompilers: Display: Worker (4/5): shaders left to compile 646
[2022.03.30-08.11.33:201][  0]LogShaderCompilers: Display: Started 10 'Local' shader compile jobs with 'High' priority
[2022.03.30-08.11.33:732][  0]LogShaderCompilers: Display: Worker (2/5): shaders left to compile 636
[2022.03.30-08.11.33:732][  0]LogShaderCompilers: Display: Started 10 'Local' shader compile jobs with 'High' priority
[2022.03.30-08.11.33:732][  0]LogShaderCompilers: Display: Worker (3/5): shaders left to compile 626
[2022.03.30-08.11.33:732][  0]LogShaderCompilers: Display: Started 10 'Local' shader compile jobs with 'High' priority
[2022.03.30-08.11.34:264][  0]LogShaderCompilers: Display: Worker (1/5): shaders left to compile 616
[2022.03.30-08.11.34:264][  0]LogShaderCompilers: Display: Started 10 'Local' shader compile jobs with 'High' priority
[2022.03.30-08.11.34:795][  0]LogShaderCompilers: Display: Worker (5/5): shaders left to compile 606
[2022.03.30-08.11.34:795][  0]LogShaderCompilers: Display: Started 10 'Local' shader compile jobs with 'High' priority
[2022.03.30-08.11.37:451][  0]LogShaderCompilers: Display: Worker (4/5): shaders left to compile 596
[2022.03.30-08.11.37:451][  0]LogShaderCompilers: Display: Started 10 'Local' shader compile jobs with 'High' priority
[2022.03.30-08.11.38:513][  0]LogShaderCompilers: Display: Worker (5/5): shaders left to compile 586
[2022.03.30-08.11.38:513][  0]LogShaderCompilers: Display: Started 10 'Local' shader compile jobs with 'High' priority
[2022.03.30-08.11.39:044][  0]LogShaderCompilers: Display: Worker (1/5): shaders left to compile 576
[2022.03.30-08.11.39:044][  0]LogShaderCompilers: Display: Started 10 'Local' shader compile jobs with 'High' priority
[2022.03.30-08.11.39:576][  0]LogShaderCompilers: Display: Worker (2/5): shaders left to compile 566
[2022.03.30-08.11.39:576][  0]LogShaderCompilers: Display: Started 10 'Local' shader compile jobs with 'High' priority
[2022.03.30-08.11.40:107][  0]LogShaderCompilers: Display: Worker (3/5): shaders left to compile 556
[2022.03.30-08.11.40:107][  0]LogShaderCompilers: Display: Started 10 'Local' shader compile jobs with 'High' priority
[2022.03.30-08.11.42:232][  0]LogShaderCompilers: Display: Worker (5/5): shaders left to compile 546
[2022.03.30-08.11.42:232][  0]LogShaderCompilers: Display: Started 10 'Local' shader compile jobs with 'High' priority
[2022.03.30-08.11.42:763][  0]LogShaderCompilers: Display: Worker (2/5): shaders left to compile 536
[2022.03.30-08.11.42:763][  0]LogShaderCompilers: Display: Started 10 'Local' shader compile jobs with 'High' priority
[2022.03.30-08.11.43:294][  0]LogShaderCompilers: Display: Worker (4/5): shaders left to compile 526
[2022.03.30-08.11.43:294][  0]LogShaderCompilers: Display: Started 10 'Local' shader compile jobs with 'High' priority
[2022.03.30-08.11.44:357][  0]LogShaderCompilers: Display: Worker (1/5): shaders left to compile 516
[2022.03.30-08.11.44:357][  0]LogShaderCompilers: Display: Started 10 'Local' shader compile jobs with 'High' priority
[2022.03.30-08.11.45:202][  0]LogShaderCompilers: Display: Worker (4/5): shaders left to compile 506
[2022.03.30-08.11.45:202][  0]LogShaderCompilers: Display: Started 10 'Local' shader compile jobs with 'High' priority
[2022.03.30-08.11.45:202][  0]LogShaderCompilers: Display: Worker (3/5): shaders left to compile 496
[2022.03.30-08.11.45:202][  0]LogShaderCompilers: Display: Started 10 'Local' shader compile jobs with 'High' priority
[2022.03.30-08.11.45:202][  0]LogShaderCompilers: Display: Worker (1/5): shaders left to compile 486
[2022.03.30-08.11.45:202][  0]LogShaderCompilers: Display: Started 10 'Local' shader compile jobs with 'High' priority
[2022.03.30-08.11.45:202][  0]LogMaterial: Display: Missing cached shadermap for DefaultDeferredDecalMaterial in PCD3D_SM5, Default, SM5 (DDC key hash: 34B2688018ADBD6BF3B7D2E494C8C0384D0B7E72), compiling. 
[2022.03.30-08.11.45:417][  0]LogShaderCompilers: Display: Submitted 139 shader compile jobs with 'High' priority
[2022.03.30-08.11.45:949][  0]LogShaderCompilers: Display: Worker (4/5): shaders left to compile 615
[2022.03.30-08.11.45:949][  0]LogShaderCompilers: Display: Started 10 'Local' shader compile jobs with 'High' priority
[2022.03.30-08.11.46:480][  0]LogShaderCompilers: Display: Worker (3/5): shaders left to compile 605
[2022.03.30-08.11.46:480][  0]LogShaderCompilers: Display: Started 10 'Local' shader compile jobs with 'High' priority
[2022.03.30-08.11.46:480][  0]LogShaderCompilers: Display: Worker (2/5): shaders left to compile 595
[2022.03.30-08.11.46:480][  0]LogShaderCompilers: Display: Started 10 'Local' shader compile jobs with 'High' priority
[2022.03.30-08.11.47:011][  0]LogShaderCompilers: Display: Worker (1/5): shaders left to compile 585
[2022.03.30-08.11.47:011][  0]LogShaderCompilers: Display: Started 10 'Local' shader compile jobs with 'High' priority
[2022.03.30-08.11.52:324][  0]LogShaderCompilers: Display: Worker (4/5): shaders left to compile 575
[2022.03.30-08.11.52:324][  0]LogShaderCompilers: Display: Started 10 'Local' shader compile jobs with 'High' priority
[2022.03.30-08.11.53:386][  0]LogShaderCompilers: Display: Worker (2/5): shaders left to compile 565
[2022.03.30-08.11.53:386][  0]LogShaderCompilers: Display: Started 10 'Local' shader compile jobs with 'High' priority
[2022.03.30-08.11.54:449][  0]LogShaderCompilers: Display: Worker (3/5): shaders left to compile 555
[2022.03.30-08.11.54:449][  0]LogShaderCompilers: Display: Started 10 'Local' shader compile jobs with 'High' priority
[2022.03.30-08.11.54:980][  0]LogShaderCompilers: Display: Worker (1/5): shaders left to compile 545
[2022.03.30-08.11.54:980][  0]LogShaderCompilers: Display: Started 10 'Local' shader compile jobs with 'High' priority
[2022.03.30-08.11.58:167][  0]LogShaderCompilers: Display: Worker (5/5): shaders left to compile 535
[2022.03.30-08.11.58:167][  0]LogShaderCompilers: Display: Started 10 'Local' shader compile jobs with 'High' priority
[2022.03.30-08.11.59:230][  0]LogShaderCompilers: Display: Worker (4/5): shaders left to compile 525
[2022.03.30-08.11.59:230][  0]LogShaderCompilers: Display: Started 10 'Local' shader compile jobs with 'High' priority
[2022.03.30-08.11.59:230][  0]LogShaderCompilers: Display: Worker (2/5): shaders left to compile 515
[2022.03.30-08.11.59:230][  0]LogShaderCompilers: Display: Started 10 'Local' shader compile jobs with 'High' priority
[2022.03.30-08.12.00:292][  0]LogShaderCompilers: Display: Worker (1/5): shaders left to compile 505
[2022.03.30-08.12.00:292][  0]LogShaderCompilers: Display: Started 10 'Local' shader compile jobs with 'High' priority
[2022.03.30-08.12.00:823][  0]LogShaderCompilers: Display: Worker (3/5): shaders left to compile 495
[2022.03.30-08.12.00:823][  0]LogShaderCompilers: Display: Started 10 'Local' shader compile jobs with 'High' priority
[2022.03.30-08.12.04:011][  0]LogShaderCompilers: Display: Worker (5/5): shaders left to compile 485
[2022.03.30-08.12.04:011][  0]LogShaderCompilers: Display: Started 10 'Local' shader compile jobs with 'High' priority
[2022.03.30-08.12.04:542][  0]LogShaderCompilers: Display: Worker (4/5): shaders left to compile 475
[2022.03.30-08.12.04:542][  0]LogShaderCompilers: Display: Started 10 'Local' shader compile jobs with 'High' priority
[2022.03.30-08.12.04:542][  0]LogShaderCompilers: Display: Worker (2/5): shaders left to compile 465
[2022.03.30-08.12.04:542][  0]LogShaderCompilers: Display: Started 10 'Local' shader compile jobs with 'High' priority
[2022.03.30-08.12.06:135][  0]LogShaderCompilers: Display: Worker (1/5): shaders left to compile 455
[2022.03.30-08.12.06:135][  0]LogShaderCompilers: Display: Started 10 'Local' shader compile jobs with 'High' priority
[2022.03.30-08.12.06:135][  0]LogShaderCompilers: Display: Worker (3/5): shaders left to compile 445
[2022.03.30-08.12.06:135][  0]LogShaderCompilers: Display: Started 10 'Local' shader compile jobs with 'High' priority
[2022.03.30-08.12.06:667][  0]LogShaderCompilers: Display: Worker (4/5): shaders left to compile 435
[2022.03.30-08.12.06:667][  0]LogShaderCompilers: Display: Started 10 'Local' shader compile jobs with 'High' priority
[2022.03.30-08.12.06:667][  0]LogShaderCompilers: Display: Worker (2/5): shaders left to compile 425
[2022.03.30-08.12.06:667][  0]LogShaderCompilers: Display: Started 10 'Local' shader compile jobs with 'High' priority
[2022.03.30-08.12.08:201][  0]LogShaderCompilers: Display: Worker (3/5): shaders left to compile 415
[2022.03.30-08.12.08:201][  0]LogShaderCompilers: Display: Started 10 'Local' shader compile jobs with 'High' priority
[2022.03.30-08.12.08:201][  0]LogShaderCompilers: Display: Worker (1/5): shaders left to compile 405
[2022.03.30-08.12.08:201][  0]LogShaderCompilers: Display: Started 10 'Local' shader compile jobs with 'High' priority
[2022.03.30-08.12.08:201][  0]LogShaderCompilers: Display: Worker (5/5): shaders left to compile 395
[2022.03.30-08.12.08:201][  0]LogShaderCompilers: Display: Started 10 'Local' shader compile jobs with 'High' priority
[2022.03.30-08.12.08:201][  0]LogMaterial: Display: Missing cached shadermap for DefaultLightFunctionMaterial in PCD3D_SM5, Default, SM5 (DDC key hash: 8A6349AFA0E3E293F45B0299536E4AF21F73CD73), compiling. 
[2022.03.30-08.12.08:230][  0]LogShaderCompilers: Display: Submitted 27 shader compile jobs with 'High' priority
[2022.03.30-08.12.09:824][  0]LogShaderCompilers: Display: Worker (2/5): shaders left to compile 412
[2022.03.30-08.12.09:824][  0]LogShaderCompilers: Display: Started 10 'Local' shader compile jobs with 'High' priority
[2022.03.30-08.12.09:824][  0]LogShaderCompilers: Display: Worker (4/5): shaders left to compile 402
[2022.03.30-08.12.09:824][  0]LogShaderCompilers: Display: Started 10 'Local' shader compile jobs with 'High' priority
[2022.03.30-08.12.10:355][  0]LogShaderCompilers: Display: Worker (3/5): shaders left to compile 392
[2022.03.30-08.12.10:355][  0]LogShaderCompilers: Display: Started 10 'Local' shader compile jobs with 'High' priority
[2022.03.30-08.12.10:886][  0]LogShaderCompilers: Display: Worker (5/5): shaders left to compile 382
[2022.03.30-08.12.10:886][  0]LogShaderCompilers: Display: Started 10 'Local' shader compile jobs with 'High' priority
[2022.03.30-08.12.10:886][  0]LogShaderCompilers: Display: Worker (1/5): shaders left to compile 372
[2022.03.30-08.12.10:886][  0]LogShaderCompilers: Display: Started 10 'Local' shader compile jobs with 'High' priority
[2022.03.30-08.12.12:480][  0]LogShaderCompilers: Display: Worker (4/5): shaders left to compile 362
[2022.03.30-08.12.12:480][  0]LogShaderCompilers: Display: Started 10 'Local' shader compile jobs with 'High' priority
[2022.03.30-08.12.12:731][  0]LogShaderCompilers: Display: Worker (3/5): shaders left to compile 352
[2022.03.30-08.12.12:731][  0]LogShaderCompilers: Display: Started 10 'Local' shader compile jobs with 'High' priority
[2022.03.30-08.12.12:731][  0]LogShaderCompilers: Display: Worker (2/5): shaders left to compile 342
[2022.03.30-08.12.12:731][  0]LogShaderCompilers: Display: Started 10 'Local' shader compile jobs with 'High' priority
[2022.03.30-08.12.12:731][  0]LogMaterial: Display: Missing cached shadermap for DefaultPostProcessMaterial in PCD3D_SM5, Default, SM5 (DDC key hash: 3937020F37D3EE8E3F877FEC7336F3B76A0B5391), compiling. 
[2022.03.30-08.12.12:756][  0]LogShaderCompilers: Display: Submitted 22 shader compile jobs with 'High' priority
[2022.03.30-08.12.13:818][  0]LogShaderCompilers: Display: Worker (5/5): shaders left to compile 354
[2022.03.30-08.12.13:818][  0]LogShaderCompilers: Display: Started 10 'Local' shader compile jobs with 'High' priority
[2022.03.30-08.12.14:349][  0]LogShaderCompilers: Display: Worker (1/5): shaders left to compile 344
[2022.03.30-08.12.14:349][  0]LogShaderCompilers: Display: Started 10 'Local' shader compile jobs with 'High' priority
[2022.03.30-08.12.14:880][  0]LogShaderCompilers: Display: Worker (4/5): shaders left to compile 334
[2022.03.30-08.12.14:880][  0]LogShaderCompilers: Display: Started 10 'Local' shader compile jobs with 'High' priority
[2022.03.30-08.12.15:412][  0]LogShaderCompilers: Display: Worker (3/5): shaders left to compile 324
[2022.03.30-08.12.15:412][  0]LogShaderCompilers: Display: Started 10 'Local' shader compile jobs with 'High' priority
[2022.03.30-08.12.15:412][  0]LogShaderCompilers: Display: Worker (2/5): shaders left to compile 314
[2022.03.30-08.12.15:412][  0]LogShaderCompilers: Display: Started 10 'Local' shader compile jobs with 'High' priority
